<?xml version="1.0" encoding="UTF-8"?>
<!-- Generated by org.testng.reporters.JUnitReportReporter -->
<testsuite hostname="DESKTOP-C4T3QLF" failures="3" tests="238" name="runner.TestRunner" time="107.208" errors="0" timestamp="2023-10-04T17:25:14 EDT" skipped="0">
  <testcase classname="runner.TestRunner" name="runScenario" time="0.445"/>
  <testcase classname="runner.TestRunner" name="runScenario" time="0.428"/>
  <testcase classname="runner.TestRunner" name="runScenario" time="0.200"/>
  <testcase classname="runner.TestRunner" name="runScenario" time="0.540"/>
  <testcase classname="runner.TestRunner" name="runScenario" time="0.482"/>
  <testcase classname="runner.TestRunner" name="runScenario" time="0.250"/>
  <testcase classname="runner.TestRunner" name="runScenario" time="0.423"/>
  <testcase classname="runner.TestRunner" name="runScenario" time="0.623"/>
  <testcase classname="runner.TestRunner" name="runScenario" time="0.429"/>
  <testcase classname="runner.TestRunner" name="runScenario" time="0.513"/>
  <testcase classname="runner.TestRunner" name="runScenario" time="0.247"/>
  <testcase classname="runner.TestRunner" name="runScenario" time="0.356"/>
  <testcase classname="runner.TestRunner" name="runScenario" time="0.432"/>
  <testcase classname="runner.TestRunner" name="runScenario" time="0.385"/>
  <testcase classname="runner.TestRunner" name="runScenario" time="0.255"/>
  <testcase classname="runner.TestRunner" name="runScenario" time="0.665">
    <failure message="expected [Your password must contain at least 8 characters.] but found [password_mismatch:The two password fields didn’t match.]" type="java.lang.AssertionError">
      <![CDATA[java.lang.AssertionError: expected [Your password must contain at least 8 characters.] but found [password_mismatch:The two password fields didn’t match.]
at org.testng.Assert.fail(Assert.java:111)
at org.testng.Assert.failNotEquals(Assert.java:1578)
at org.testng.Assert.assertEqualsImpl(Assert.java:150)
at org.testng.Assert.assertEquals(Assert.java:132)
at org.testng.Assert.assertEquals(Assert.java:656)
at org.testng.Assert.assertEquals(Assert.java:666)
at utilities.UtlityFunctions.check_text(UtlityFunctions.java:63)
at pageObjects.Register_POM.enter_password_less_than_eight_msg(Register_POM.java:115)
at step_definition.Register_SD.your_password_must_contain_at_least_characters_message_should_display(Register_SD.java:155)
at ✽.Your password must contain at least 8 characters message should display(file:///C:/Users/bobby/eclipse-workspace/ds-algo-quality-way/src/test/resources/features/02Register.feature:66)
]]>
    </failure>
  </testcase> <!-- runScenario -->
  <testcase classname="runner.TestRunner" name="runScenario" time="0.427"/>
  <testcase classname="runner.TestRunner" name="runScenario" time="0.463"/>
  <testcase classname="runner.TestRunner" name="runScenario" time="0.474"/>
  <testcase classname="runner.TestRunner" name="runScenario" time="0.384"/>
  <testcase classname="runner.TestRunner" name="runScenario" time="0.403"/>
  <testcase classname="runner.TestRunner" name="runScenario" time="0.276"/>
  <testcase classname="runner.TestRunner" name="runScenario" time="0.258"/>
  <testcase classname="runner.TestRunner" name="runScenario" time="0.255"/>
  <testcase classname="runner.TestRunner" name="runScenario" time="0.515"/>
  <testcase classname="runner.TestRunner" name="runScenario" time="0.411"/>
  <testcase classname="runner.TestRunner" name="runScenario" time="0.524"/>
  <testcase classname="runner.TestRunner" name="runScenario" time="0.404"/>
  <testcase classname="runner.TestRunner" name="runScenario" time="0.440"/>
  <testcase classname="runner.TestRunner" name="runScenario" time="0.383"/>
  <testcase classname="runner.TestRunner" name="runScenario" time="0.363"/>
  <testcase classname="runner.TestRunner" name="runScenario" time="0.498"/>
  <testcase classname="runner.TestRunner" name="runScenario" time="0.436"/>
  <testcase classname="runner.TestRunner" name="runScenario" time="0.427"/>
  <testcase classname="runner.TestRunner" name="runScenario" time="0.582"/>
  <testcase classname="runner.TestRunner" name="runScenario" time="0.244"/>
  <testcase classname="runner.TestRunner" name="runScenario" time="0.413"/>
  <testcase classname="runner.TestRunner" name="runScenario" time="0.401"/>
  <testcase classname="runner.TestRunner" name="runScenario" time="0.420"/>
  <testcase classname="runner.TestRunner" name="runScenario" time="0.394"/>
  <testcase classname="runner.TestRunner" name="runScenario" time="0.403"/>
  <testcase classname="runner.TestRunner" name="runScenario" time="0.362"/>
  <testcase classname="runner.TestRunner" name="runScenario" time="0.208"/>
  <testcase classname="runner.TestRunner" name="runScenario" time="0.465"/>
  <testcase classname="runner.TestRunner" name="runScenario" time="0.288"/>
  <testcase classname="runner.TestRunner" name="runScenario" time="0.351"/>
  <testcase classname="runner.TestRunner" name="runScenario" time="0.428"/>
  <testcase classname="runner.TestRunner" name="runScenario" time="0.400"/>
  <testcase classname="runner.TestRunner" name="runScenario" time="0.263"/>
  <testcase classname="runner.TestRunner" name="runScenario" time="0.406"/>
  <testcase classname="runner.TestRunner" name="runScenario" time="0.394"/>
  <testcase classname="runner.TestRunner" name="runScenario" time="0.513"/>
  <testcase classname="runner.TestRunner" name="runScenario" time="0.249"/>
  <testcase classname="runner.TestRunner" name="runScenario" time="0.246"/>
  <testcase classname="runner.TestRunner" name="runScenario" time="0.228"/>
  <testcase classname="runner.TestRunner" name="runScenario" time="1.119"/>
  <testcase classname="runner.TestRunner" name="runScenario" time="0.397"/>
  <testcase classname="runner.TestRunner" name="runScenario" time="1.345"/>
  <testcase classname="runner.TestRunner" name="runScenario" time="0.377"/>
  <testcase classname="runner.TestRunner" name="runScenario" time="0.513"/>
  <testcase classname="runner.TestRunner" name="runScenario" time="0.221"/>
  <testcase classname="runner.TestRunner" name="runScenario" time="0.462"/>
  <testcase classname="runner.TestRunner" name="runScenario" time="0.392"/>
  <testcase classname="runner.TestRunner" name="runScenario" time="0.393"/>
  <testcase classname="runner.TestRunner" name="runScenario" time="0.285"/>
  <testcase classname="runner.TestRunner" name="runScenario" time="0.228"/>
  <testcase classname="runner.TestRunner" name="runScenario" time="0.408"/>
  <testcase classname="runner.TestRunner" name="runScenario" time="0.396"/>
  <testcase classname="runner.TestRunner" name="runScenario" time="0.391"/>
  <testcase classname="runner.TestRunner" name="runScenario" time="0.399"/>
  <testcase classname="runner.TestRunner" name="runScenario" time="0.523"/>
  <testcase classname="runner.TestRunner" name="runScenario" time="0.439"/>
  <testcase classname="runner.TestRunner" name="runScenario" time="0.426"/>
  <testcase classname="runner.TestRunner" name="runScenario" time="1.081"/>
  <testcase classname="runner.TestRunner" name="runScenario" time="0.401"/>
  <testcase classname="runner.TestRunner" name="runScenario" time="0.368"/>
  <testcase classname="runner.TestRunner" name="runScenario" time="0.392"/>
  <testcase classname="runner.TestRunner" name="runScenario" time="0.223"/>
  <testcase classname="runner.TestRunner" name="runScenario" time="0.445"/>
  <testcase classname="runner.TestRunner" name="runScenario" time="0.371"/>
  <testcase classname="runner.TestRunner" name="runScenario" time="1.016"/>
  <testcase classname="runner.TestRunner" name="runScenario" time="0.428"/>
  <testcase classname="runner.TestRunner" name="runScenario" time="0.226"/>
  <testcase classname="runner.TestRunner" name="runScenario" time="0.204"/>
  <testcase classname="runner.TestRunner" name="runScenario" time="0.416"/>
  <testcase classname="runner.TestRunner" name="runScenario" time="0.344"/>
  <testcase classname="runner.TestRunner" name="runScenario" time="1.080"/>
  <testcase classname="runner.TestRunner" name="runScenario" time="5.925"/>
  <testcase classname="runner.TestRunner" name="runScenario" time="0.350"/>
  <testcase classname="runner.TestRunner" name="runScenario" time="0.420"/>
  <testcase classname="runner.TestRunner" name="runScenario" time="1.047"/>
  <testcase classname="runner.TestRunner" name="runScenario" time="0.340"/>
  <testcase classname="runner.TestRunner" name="runScenario" time="0.556"/>
  <testcase classname="runner.TestRunner" name="runScenario" time="0.395"/>
  <testcase classname="runner.TestRunner" name="runScenario" time="0.416"/>
  <testcase classname="runner.TestRunner" name="runScenario" time="0.365"/>
  <testcase classname="runner.TestRunner" name="runScenario" time="0.434"/>
  <testcase classname="runner.TestRunner" name="runScenario" time="0.315"/>
  <testcase classname="runner.TestRunner" name="runScenario" time="0.407"/>
  <testcase classname="runner.TestRunner" name="runScenario" time="0.306"/>
  <testcase classname="runner.TestRunner" name="runScenario" time="0.436"/>
  <testcase classname="runner.TestRunner" name="runScenario" time="0.212"/>
  <testcase classname="runner.TestRunner" name="runScenario" time="0.224"/>
  <testcase classname="runner.TestRunner" name="runScenario" time="0.477"/>
  <testcase classname="runner.TestRunner" name="runScenario" time="0.472"/>
  <testcase classname="runner.TestRunner" name="runScenario" time="0.378"/>
  <testcase classname="runner.TestRunner" name="runScenario" time="0.421"/>
  <testcase classname="runner.TestRunner" name="runScenario" time="0.381"/>
  <testcase classname="runner.TestRunner" name="runScenario" time="0.548"/>
  <testcase classname="runner.TestRunner" name="runScenario" time="0.432"/>
  <testcase classname="runner.TestRunner" name="runScenario" time="0.337"/>
  <testcase classname="runner.TestRunner" name="runScenario" time="0.397"/>
  <testcase classname="runner.TestRunner" name="runScenario" time="0.466"/>
  <testcase classname="runner.TestRunner" name="runScenario" time="0.428"/>
  <testcase classname="runner.TestRunner" name="runScenario" time="0.486"/>
  <testcase classname="runner.TestRunner" name="runScenario" time="0.421"/>
  <testcase classname="runner.TestRunner" name="runScenario" time="0.395"/>
  <testcase classname="runner.TestRunner" name="runScenario" time="0.365"/>
  <testcase classname="runner.TestRunner" name="runScenario" time="0.445"/>
  <testcase classname="runner.TestRunner" name="runScenario" time="0.410"/>
  <testcase classname="runner.TestRunner" name="runScenario" time="0.402"/>
  <testcase classname="runner.TestRunner" name="runScenario" time="0.267"/>
  <testcase classname="runner.TestRunner" name="runScenario" time="0.353"/>
  <testcase classname="runner.TestRunner" name="runScenario" time="0.384"/>
  <testcase classname="runner.TestRunner" name="runScenario" time="0.217"/>
  <testcase classname="runner.TestRunner" name="runScenario" time="0.951"/>
  <testcase classname="runner.TestRunner" name="runScenario" time="0.243"/>
  <testcase classname="runner.TestRunner" name="runScenario" time="0.428"/>
  <testcase classname="runner.TestRunner" name="runScenario" time="0.402"/>
  <testcase classname="runner.TestRunner" name="runScenario" time="0.392"/>
  <testcase classname="runner.TestRunner" name="runScenario" time="0.415"/>
  <testcase classname="runner.TestRunner" name="runScenario" time="0.622"/>
  <testcase classname="runner.TestRunner" name="runScenario" time="0.430"/>
  <testcase classname="runner.TestRunner" name="runScenario" time="0.225"/>
  <testcase classname="runner.TestRunner" name="runScenario" time="0.386"/>
  <testcase classname="runner.TestRunner" name="runScenario" time="0.464"/>
  <testcase classname="runner.TestRunner" name="runScenario" time="0.470"/>
  <testcase classname="runner.TestRunner" name="runScenario" time="0.265"/>
  <testcase classname="runner.TestRunner" name="runScenario" time="0.278"/>
  <testcase classname="runner.TestRunner" name="runScenario" time="0.390"/>
  <testcase classname="runner.TestRunner" name="runScenario" time="0.316"/>
  <testcase classname="runner.TestRunner" name="runScenario" time="0.387"/>
  <testcase classname="runner.TestRunner" name="runScenario" time="0.451"/>
  <testcase classname="runner.TestRunner" name="runScenario" time="0.412"/>
  <testcase classname="runner.TestRunner" name="runScenario" time="0.380"/>
  <testcase classname="runner.TestRunner" name="runScenario" time="0.258"/>
  <testcase classname="runner.TestRunner" name="runScenario" time="0.424"/>
  <testcase classname="runner.TestRunner" name="runScenario" time="1.010"/>
  <testcase classname="runner.TestRunner" name="runScenario" time="0.306"/>
  <testcase classname="runner.TestRunner" name="runScenario" time="0.451"/>
  <testcase classname="runner.TestRunner" name="runScenario" time="0.208"/>
  <testcase classname="runner.TestRunner" name="runScenario" time="0.570"/>
  <testcase classname="runner.TestRunner" name="runScenario" time="0.290"/>
  <testcase classname="runner.TestRunner" name="runScenario" time="1.035"/>
  <testcase classname="runner.TestRunner" name="runScenario" time="0.429"/>
  <testcase classname="runner.TestRunner" name="runScenario" time="0.238"/>
  <testcase classname="runner.TestRunner" name="runScenario" time="0.387"/>
  <testcase classname="runner.TestRunner" name="runScenario" time="0.382"/>
  <testcase classname="runner.TestRunner" name="runScenario" time="0.380"/>
  <testcase classname="runner.TestRunner" name="runScenario" time="0.384"/>
  <testcase classname="runner.TestRunner" name="runScenario" time="0.247"/>
  <testcase classname="runner.TestRunner" name="runScenario" time="0.406"/>
  <testcase classname="runner.TestRunner" name="runScenario" time="0.430"/>
  <testcase classname="runner.TestRunner" name="runScenario" time="1.052"/>
  <testcase classname="runner.TestRunner" name="runScenario" time="0.395"/>
  <testcase classname="runner.TestRunner" name="runScenario" time="0.363"/>
  <testcase classname="runner.TestRunner" name="runScenario" time="0.391"/>
  <testcase classname="runner.TestRunner" name="runScenario" time="0.109"/>
  <testcase classname="runner.TestRunner" name="runScenario" time="0.599">
    <failure message="expected [Your password can’t be entirely numeric.] but found [password_mismatch:The two password fields didn’t match.]" type="java.lang.AssertionError">
      <![CDATA[java.lang.AssertionError: expected [Your password can’t be entirely numeric.] but found [password_mismatch:The two password fields didn’t match.]
at org.testng.Assert.fail(Assert.java:111)
at org.testng.Assert.failNotEquals(Assert.java:1578)
at org.testng.Assert.assertEqualsImpl(Assert.java:150)
at org.testng.Assert.assertEquals(Assert.java:132)
at org.testng.Assert.assertEquals(Assert.java:656)
at org.testng.Assert.assertEquals(Assert.java:666)
at utilities.UtlityFunctions.check_text(UtlityFunctions.java:63)
at pageObjects.Register_POM.enter_password_only_numeric_msg(Register_POM.java:121)
at step_definition.Register_SD.your_password_can_not_be_entirely_numeric_message_should_display(Register_SD.java:178)
at ✽.Your password can not be entirely numeric message should display(file:///C:/Users/bobby/eclipse-workspace/ds-algo-quality-way/src/test/resources/features/02Register.feature:73)
]]>
    </failure>
  </testcase> <!-- runScenario -->
  <testcase classname="runner.TestRunner" name="runScenario" time="0.300"/>
  <testcase classname="runner.TestRunner" name="runScenario" time="0.505"/>
  <testcase classname="runner.TestRunner" name="runScenario" time="0.379"/>
  <testcase classname="runner.TestRunner" name="runScenario" time="0.427"/>
  <testcase classname="runner.TestRunner" name="runScenario" time="0.232"/>
  <testcase classname="runner.TestRunner" name="runScenario" time="0.280"/>
  <testcase classname="runner.TestRunner" name="runScenario" time="0.490"/>
  <testcase classname="runner.TestRunner" name="runScenario" time="0.474"/>
  <testcase classname="runner.TestRunner" name="runScenario" time="0.535"/>
  <testcase classname="runner.TestRunner" name="runScenario" time="1.105"/>
  <testcase classname="runner.TestRunner" name="runScenario" time="0.370"/>
  <testcase classname="runner.TestRunner" name="runScenario" time="0.396"/>
  <testcase classname="runner.TestRunner" name="runScenario" time="0.410"/>
  <testcase classname="runner.TestRunner" name="runScenario" time="0.403"/>
  <testcase classname="runner.TestRunner" name="runScenario" time="0.377"/>
  <testcase classname="runner.TestRunner" name="runScenario" time="0.412"/>
  <testcase classname="runner.TestRunner" name="runScenario" time="0.252"/>
  <testcase classname="runner.TestRunner" name="runScenario" time="0.422"/>
  <testcase classname="runner.TestRunner" name="runScenario" time="0.234"/>
  <testcase classname="runner.TestRunner" name="runScenario" time="0.251"/>
  <testcase classname="runner.TestRunner" name="runScenario" time="0.347"/>
  <testcase classname="runner.TestRunner" name="runScenario" time="0.691"/>
  <testcase classname="runner.TestRunner" name="runScenario" time="0.595"/>
  <testcase classname="runner.TestRunner" name="runScenario" time="0.442"/>
  <testcase classname="runner.TestRunner" name="runScenario" time="0.403"/>
  <testcase classname="runner.TestRunner" name="runScenario" time="0.971"/>
  <testcase classname="runner.TestRunner" name="runScenario" time="0.242"/>
  <testcase classname="runner.TestRunner" name="runScenario" time="0.260"/>
  <testcase classname="runner.TestRunner" name="runScenario" time="0.405"/>
  <testcase classname="runner.TestRunner" name="runScenario" time="0.275"/>
  <testcase classname="runner.TestRunner" name="runScenario" time="0.406"/>
  <testcase classname="runner.TestRunner" name="runScenario" time="0.435"/>
  <testcase classname="runner.TestRunner" name="runScenario" time="0.417"/>
  <testcase classname="runner.TestRunner" name="runScenario" time="0.399"/>
  <testcase classname="runner.TestRunner" name="runScenario" time="0.394"/>
  <testcase classname="runner.TestRunner" name="runScenario" time="0.376"/>
  <testcase classname="runner.TestRunner" name="runScenario" time="0.277"/>
  <testcase classname="runner.TestRunner" name="runScenario" time="0.231"/>
  <testcase classname="runner.TestRunner" name="runScenario" time="0.990"/>
  <testcase classname="runner.TestRunner" name="runScenario" time="0.446"/>
  <testcase classname="runner.TestRunner" name="runScenario" time="0.425"/>
  <testcase classname="runner.TestRunner" name="runScenario" time="0.949"/>
  <testcase classname="runner.TestRunner" name="runScenario" time="0.230"/>
  <testcase classname="runner.TestRunner" name="runScenario" time="0.298"/>
  <testcase classname="runner.TestRunner" name="runScenario" time="0.393"/>
  <testcase classname="runner.TestRunner" name="runScenario" time="0.505"/>
  <testcase classname="runner.TestRunner" name="runScenario" time="0.415"/>
  <testcase classname="runner.TestRunner" name="runScenario" time="0.485"/>
  <testcase classname="runner.TestRunner" name="runScenario" time="0.363"/>
  <testcase classname="runner.TestRunner" name="runScenario" time="0.411"/>
  <testcase classname="runner.TestRunner" name="runScenario" time="0.382"/>
  <testcase classname="runner.TestRunner" name="runScenario" time="0.441"/>
  <testcase classname="runner.TestRunner" name="runScenario" time="0.430"/>
  <testcase classname="runner.TestRunner" name="runScenario" time="0.372"/>
  <testcase classname="runner.TestRunner" name="runScenario" time="0.411"/>
  <testcase classname="runner.TestRunner" name="runScenario" time="0.604"/>
  <testcase classname="runner.TestRunner" name="runScenario" time="0.576"/>
  <testcase classname="runner.TestRunner" name="runScenario" time="0.421"/>
  <testcase classname="runner.TestRunner" name="runScenario" time="0.419"/>
  <testcase classname="runner.TestRunner" name="runScenario" time="0.393"/>
  <testcase classname="runner.TestRunner" name="runScenario" time="0.504"/>
  <testcase classname="runner.TestRunner" name="runScenario" time="0.259"/>
  <testcase classname="runner.TestRunner" name="runScenario" time="0.396"/>
  <testcase classname="runner.TestRunner" name="runScenario" time="0.472"/>
  <testcase classname="runner.TestRunner" name="runScenario" time="0.265"/>
  <testcase classname="runner.TestRunner" name="runScenario" time="0.376"/>
  <testcase classname="runner.TestRunner" name="runScenario" time="0.453"/>
  <testcase classname="runner.TestRunner" name="runScenario" time="0.245"/>
  <testcase classname="runner.TestRunner" name="runScenario" time="0.597">
    <failure message="expected [User already exists] but found [password_mismatch:The two password fields didn’t match.]" type="java.lang.AssertionError">
      <![CDATA[java.lang.AssertionError: expected [User already exists] but found [password_mismatch:The two password fields didn’t match.]
at org.testng.Assert.fail(Assert.java:111)
at org.testng.Assert.failNotEquals(Assert.java:1578)
at org.testng.Assert.assertEqualsImpl(Assert.java:150)
at org.testng.Assert.assertEquals(Assert.java:132)
at org.testng.Assert.assertEquals(Assert.java:656)
at org.testng.Assert.assertEquals(Assert.java:666)
at utilities.UtlityFunctions.check_text(UtlityFunctions.java:63)
at pageObjects.Register_POM.enter_existing_username_msg(Register_POM.java:133)
at step_definition.Register_SD.user_already_exists_message_should_appears(Register_SD.java:228)
at ✽.user already exists message should appears.(file:///C:/Users/bobby/eclipse-workspace/ds-algo-quality-way/src/test/resources/features/02Register.feature:89)
]]>
    </failure>
  </testcase> <!-- runScenario -->
</testsuite> <!-- runner.TestRunner -->
