<?xml version="1.0" encoding="UTF-8"?>
<!-- Generated by org.testng.reporters.JUnitReportReporter -->
<testsuite hostname="DESKTOP-C4T3QLF" failures="0" tests="10" name="runner.TestRunner" time="10.038" errors="0" timestamp="2023-09-25T16:39:33 EDT" skipped="0">
  <testcase classname="runner.TestRunner" name="runScenario" time="0.117"/>
  <testcase classname="runner.TestRunner" name="runScenario" time="0.217"/>
  <testcase classname="runner.TestRunner" name="runScenario" time="0.497"/>
  <testcase classname="runner.TestRunner" name="runScenario" time="0.280"/>
  <testcase classname="runner.TestRunner" name="runScenario" time="0.220"/>
  <testcase classname="runner.TestRunner" name="runScenario" time="0.201"/>
  <testcase classname="runner.TestRunner" name="runScenario" time="0.219"/>
  <testcase classname="runner.TestRunner" name="runScenario" time="0.189"/>
  <testcase classname="runner.TestRunner" name="runScenario" time="7.862"/>
  <testcase classname="runner.TestRunner" name="runScenario" time="0.236"/>
</testsuite> <!-- runner.TestRunner -->
