<?xml version="1.0" encoding="UTF-8"?>
<!-- Generated by org.testng.reporters.JUnitReportReporter -->
<testsuite hostname="DESKTOP-C4T3QLF" failures="0" tests="8" name="runner.TestRunner" time="10.040" errors="0" timestamp="2023-09-20T18:57:32 EDT" skipped="0">
  <testcase classname="runner.TestRunner" name="runScenario" time="0.193"/>
  <testcase classname="runner.TestRunner" name="runScenario" time="0.440"/>
  <testcase classname="runner.TestRunner" name="runScenario" time="0.137"/>
  <testcase classname="runner.TestRunner" name="runScenario" time="0.181"/>
  <testcase classname="runner.TestRunner" name="runScenario" time="0.310"/>
  <testcase classname="runner.TestRunner" name="runScenario" time="7.705"/>
  <testcase classname="runner.TestRunner" name="runScenario" time="0.370"/>
  <testcase classname="runner.TestRunner" name="runScenario" time="0.704"/>
</testsuite> <!-- runner.TestRunner -->
