<?xml version="1.0" encoding="UTF-8"?>
<!-- Generated by org.testng.reporters.JUnitReportReporter -->
<testsuite hostname="DESKTOP-C4T3QLF" failures="0" tests="11" name="runner.TestRunner" time="6.176" errors="0" timestamp="2023-09-25T21:42:31 EDT" skipped="0">
  <testcase classname="runner.TestRunner" name="runScenario" time="0.098"/>
  <testcase classname="runner.TestRunner" name="runScenario" time="0.229"/>
  <testcase classname="runner.TestRunner" name="runScenario" time="0.226"/>
  <testcase classname="runner.TestRunner" name="runScenario" time="0.272"/>
  <testcase classname="runner.TestRunner" name="runScenario" time="0.265"/>
  <testcase classname="runner.TestRunner" name="runScenario" time="0.500"/>
  <testcase classname="runner.TestRunner" name="runScenario" time="0.279"/>
  <testcase classname="runner.TestRunner" name="runScenario" time="0.238"/>
  <testcase classname="runner.TestRunner" name="runScenario" time="0.389"/>
  <testcase classname="runner.TestRunner" name="runScenario" time="0.297"/>
  <testcase classname="runner.TestRunner" name="runScenario" time="3.383"/>
</testsuite> <!-- runner.TestRunner -->
