<?xml version="1.0" encoding="UTF-8"?>
<!-- Generated by org.testng.reporters.JUnitReportReporter -->
<testsuite hostname="DESKTOP-C4T3QLF" failures="4" tests="67" name="runner.TestRunner" time="27.003" errors="0" timestamp="2023-10-01T17:50:35 EDT" skipped="0">
  <testcase classname="runner.TestRunner" name="runScenario" time="0.843"/>
  <testcase classname="runner.TestRunner" name="runScenario" time="0.716"/>
  <testcase classname="runner.TestRunner" name="runScenario" time="0.400"/>
  <testcase classname="runner.TestRunner" name="runScenario" time="0.232"/>
  <testcase classname="runner.TestRunner" name="runScenario" time="0.409"/>
  <testcase classname="runner.TestRunner" name="runScenario" time="0.359"/>
  <testcase classname="runner.TestRunner" name="runScenario" time="0.207"/>
  <testcase classname="runner.TestRunner" name="runScenario" time="0.393"/>
  <testcase classname="runner.TestRunner" name="runScenario" time="0.520"/>
  <testcase classname="runner.TestRunner" name="runScenario" time="0.433"/>
  <testcase classname="runner.TestRunner" name="runScenario" time="0.314"/>
  <testcase classname="runner.TestRunner" name="runScenario" time="0.384"/>
  <testcase classname="runner.TestRunner" name="runScenario" time="0.349"/>
  <testcase classname="runner.TestRunner" name="runScenario" time="0.199"/>
  <testcase classname="runner.TestRunner" name="runScenario" time="0.379"/>
  <testcase classname="runner.TestRunner" name="runScenario" time="0.360"/>
  <testcase classname="runner.TestRunner" name="runScenario" time="0.227"/>
  <testcase classname="runner.TestRunner" name="runScenario" time="0.376"/>
  <testcase classname="runner.TestRunner" name="runScenario" time="0.376"/>
  <testcase classname="runner.TestRunner" name="runScenario" time="0.393">
    <failure message="expected [Your password must contain at least 8 characters.] but found [password_mismatch:The two password fields didn’t match.]" type="java.lang.AssertionError">
      <![CDATA[java.lang.AssertionError: expected [Your password must contain at least 8 characters.] but found [password_mismatch:The two password fields didn’t match.]
at org.testng.Assert.fail(Assert.java:111)
at org.testng.Assert.failNotEquals(Assert.java:1578)
at org.testng.Assert.assertEqualsImpl(Assert.java:150)
at org.testng.Assert.assertEquals(Assert.java:132)
at org.testng.Assert.assertEquals(Assert.java:656)
at org.testng.Assert.assertEquals(Assert.java:666)
at utilities.UtlityFunctions.check_text(UtlityFunctions.java:59)
at pageObjeccts.Register_POM.enter_password_less_than_eight_msg(Register_POM.java:114)
at step_definition.Register_SD.your_password_must_contain_at_least_characters_message_should_display(Register_SD.java:154)
at ✽.Your password must contain at least 8 characters message should display(file:///C:/Users/bobby/eclipse-workspace/ds-algo-quality-way/src/test/resources/features/02Register.feature:66)
]]>
    </failure>
  </testcase> <!-- runScenario -->
  <testcase classname="runner.TestRunner" name="runScenario" time="0.394"/>
  <testcase classname="runner.TestRunner" name="runScenario" time="0.416"/>
  <testcase classname="runner.TestRunner" name="runScenario" time="0.211"/>
  <testcase classname="runner.TestRunner" name="runScenario" time="0.316"/>
  <testcase classname="runner.TestRunner" name="runScenario" time="0.367"/>
  <testcase classname="runner.TestRunner" name="runScenario" time="0.303"/>
  <testcase classname="runner.TestRunner" name="runScenario" time="0.361">
    <failure message="expected [User already exists] but found [password_mismatch:The two password fields didn’t match.]" type="java.lang.AssertionError">
      <![CDATA[java.lang.AssertionError: expected [User already exists] but found [password_mismatch:The two password fields didn’t match.]
at org.testng.Assert.fail(Assert.java:111)
at org.testng.Assert.failNotEquals(Assert.java:1578)
at org.testng.Assert.assertEqualsImpl(Assert.java:150)
at org.testng.Assert.assertEquals(Assert.java:132)
at org.testng.Assert.assertEquals(Assert.java:656)
at org.testng.Assert.assertEquals(Assert.java:666)
at utilities.UtlityFunctions.check_text(UtlityFunctions.java:59)
at pageObjeccts.Register_POM.enter_existing_username_msg(Register_POM.java:132)
at step_definition.Register_SD.user_already_exists_message_should_appears(Register_SD.java:224)
at ✽.user already exists message should appears.(file:///C:/Users/bobby/eclipse-workspace/ds-algo-quality-way/src/test/resources/features/02Register.feature:89)
]]>
    </failure>
  </testcase> <!-- runScenario -->
  <testcase classname="runner.TestRunner" name="runScenario" time="0.341"/>
  <testcase classname="runner.TestRunner" name="runScenario" time="0.340"/>
  <testcase classname="runner.TestRunner" name="runScenario" time="0.281"/>
  <testcase classname="runner.TestRunner" name="runScenario" time="0.376"/>
  <testcase classname="runner.TestRunner" name="runScenario" time="0.429"/>
  <testcase classname="runner.TestRunner" name="runScenario" time="0.396"/>
  <testcase classname="runner.TestRunner" name="runScenario" time="0.227"/>
  <testcase classname="runner.TestRunner" name="runScenario" time="0.093"/>
  <testcase classname="runner.TestRunner" name="runScenario" time="0.414"/>
  <testcase classname="runner.TestRunner" name="runScenario" time="0.324"/>
  <testcase classname="runner.TestRunner" name="runScenario" time="0.199"/>
  <testcase classname="runner.TestRunner" name="runScenario" time="0.302"/>
  <testcase classname="runner.TestRunner" name="runScenario" time="0.286"/>
  <testcase classname="runner.TestRunner" name="runScenario" time="0.405"/>
  <testcase classname="runner.TestRunner" name="runScenario" time="0.225"/>
  <testcase classname="runner.TestRunner" name="runScenario" time="0.366"/>
  <testcase classname="runner.TestRunner" name="runScenario" time="0.450"/>
  <testcase classname="runner.TestRunner" name="runScenario" time="0.235"/>
  <testcase classname="runner.TestRunner" name="runScenario" time="4.191"/>
  <testcase classname="runner.TestRunner" name="runScenario" time="0.215"/>
  <testcase classname="runner.TestRunner" name="runScenario" time="0.213"/>
  <testcase classname="runner.TestRunner" name="runScenario" time="0.230"/>
  <testcase classname="runner.TestRunner" name="runScenario" time="0.472">
    <failure message="expected [https://dsportalapp.herokuapp.com/home] but found [https://dsportalapp.herokuapp.com/register]" type="java.lang.AssertionError">
      <![CDATA[java.lang.AssertionError: expected [https://dsportalapp.herokuapp.com/home] but found [https://dsportalapp.herokuapp.com/register]
at org.testng.Assert.fail(Assert.java:111)
at org.testng.Assert.failNotEquals(Assert.java:1578)
at org.testng.Assert.assertEqualsImpl(Assert.java:150)
at org.testng.Assert.assertEquals(Assert.java:132)
at org.testng.Assert.assertEquals(Assert.java:656)
at org.testng.Assert.assertEquals(Assert.java:666)
at utilities.UtlityFunctions.check_url(UtlityFunctions.java:55)
at utilities.UtlityFunctions.check_url_home(UtlityFunctions.java:80)
at step_definition.Register_SD.user_will_navigate_to_home_page(Register_SD.java:265)
at ✽.user will navigate to home page(file:///C:/Users/bobby/eclipse-workspace/ds-algo-quality-way/src/test/resources/features/02Register.feature:102)
]]>
    </failure>
  </testcase> <!-- runScenario -->
  <testcase classname="runner.TestRunner" name="runScenario" time="0.332"/>
  <testcase classname="runner.TestRunner" name="runScenario" time="0.377"/>
  <testcase classname="runner.TestRunner" name="runScenario" time="0.339"/>
  <testcase classname="runner.TestRunner" name="runScenario" time="0.384"/>
  <testcase classname="runner.TestRunner" name="runScenario" time="0.287"/>
  <testcase classname="runner.TestRunner" name="runScenario" time="0.250"/>
  <testcase classname="runner.TestRunner" name="runScenario" time="0.261"/>
  <testcase classname="runner.TestRunner" name="runScenario" time="0.440"/>
  <testcase classname="runner.TestRunner" name="runScenario" time="0.364"/>
  <testcase classname="runner.TestRunner" name="runScenario" time="0.357"/>
  <testcase classname="runner.TestRunner" name="runScenario" time="0.439"/>
  <testcase classname="runner.TestRunner" name="runScenario" time="0.330"/>
  <testcase classname="runner.TestRunner" name="runScenario" time="0.402">
    <failure message="expected [Your password can’t be entirely numeric.] but found [password_mismatch:The two password fields didn’t match.]" type="java.lang.AssertionError">
      <![CDATA[java.lang.AssertionError: expected [Your password can’t be entirely numeric.] but found [password_mismatch:The two password fields didn’t match.]
at org.testng.Assert.fail(Assert.java:111)
at org.testng.Assert.failNotEquals(Assert.java:1578)
at org.testng.Assert.assertEqualsImpl(Assert.java:150)
at org.testng.Assert.assertEquals(Assert.java:132)
at org.testng.Assert.assertEquals(Assert.java:656)
at org.testng.Assert.assertEquals(Assert.java:666)
at utilities.UtlityFunctions.check_text(UtlityFunctions.java:59)
at pageObjeccts.Register_POM.enter_password_only_numeric_msg(Register_POM.java:120)
at step_definition.Register_SD.your_password_can_not_be_entirely_numeric_message_should_display(Register_SD.java:176)
at ✽.Your password can not be entirely numeric message should display(file:///C:/Users/bobby/eclipse-workspace/ds-algo-quality-way/src/test/resources/features/02Register.feature:73)
]]>
    </failure>
  </testcase> <!-- runScenario -->
  <testcase classname="runner.TestRunner" name="runScenario" time="0.291"/>
  <testcase classname="runner.TestRunner" name="runScenario" time="0.323"/>
  <testcase classname="runner.TestRunner" name="runScenario" time="0.221"/>
  <testcase classname="runner.TestRunner" name="runScenario" time="0.359"/>
</testsuite> <!-- runner.TestRunner -->
