<?xml version="1.0" encoding="UTF-8"?>
<!-- Generated by org.testng.reporters.JUnitReportReporter -->
<testsuite hostname="DESKTOP-C4T3QLF" failures="1" tests="33" name="runner.TestRunner" time="47.393" errors="0" timestamp="2023-09-22T23:21:33 EDT" skipped="0">
  <testcase classname="runner.TestRunner" name="runScenario" time="0.205"/>
  <testcase classname="runner.TestRunner" name="runScenario" time="0.511"/>
  <testcase classname="runner.TestRunner" name="runScenario" time="0.454"/>
  <testcase classname="runner.TestRunner" name="runScenario" time="0.245"/>
  <testcase classname="runner.TestRunner" name="runScenario" time="0.296"/>
  <testcase classname="runner.TestRunner" name="runScenario" time="0.409"/>
  <testcase classname="runner.TestRunner" name="runScenario" time="0.419"/>
  <testcase classname="runner.TestRunner" name="runScenario" time="0.179"/>
  <testcase classname="runner.TestRunner" name="runScenario" time="0.524"/>
  <testcase classname="runner.TestRunner" name="runScenario" time="0.220"/>
  <testcase classname="runner.TestRunner" name="runScenario" time="0.249"/>
  <testcase classname="runner.TestRunner" name="runScenario" time="0.239"/>
  <testcase classname="runner.TestRunner" name="runScenario" time="0.460"/>
  <testcase classname="runner.TestRunner" name="runScenario" time="0.327"/>
  <testcase classname="runner.TestRunner" name="runScenario" time="5.143"/>
  <testcase classname="runner.TestRunner" name="runScenario" time="5.161"/>
  <testcase classname="runner.TestRunner" name="runScenario" time="0.365"/>
  <testcase classname="runner.TestRunner" name="runScenario" time="0.296"/>
  <testcase classname="runner.TestRunner" name="runScenario" time="0.365"/>
  <testcase classname="runner.TestRunner" name="runScenario" time="5.172"/>
  <testcase classname="runner.TestRunner" name="runScenario" time="5.164"/>
  <testcase classname="runner.TestRunner" name="runScenario" time="0.209"/>
  <testcase classname="runner.TestRunner" name="runScenario" time="0.540"/>
  <testcase classname="runner.TestRunner" name="runScenario" time="5.217"/>
  <testcase classname="runner.TestRunner" name="runScenario" time="0.230"/>
  <testcase classname="runner.TestRunner" name="runScenario" time="0.263"/>
  <testcase classname="runner.TestRunner" name="runScenario" time="5.142"/>
  <testcase classname="runner.TestRunner" name="runScenario" time="0.239"/>
  <testcase classname="runner.TestRunner" name="runScenario" time="0.432">
    <failure message="expected [https://dsportalapp.herokuapp.com/home] but found [https://dsportalapp.herokuapp.com/register]" type="java.lang.AssertionError">
      <![CDATA[java.lang.AssertionError: expected [https://dsportalapp.herokuapp.com/home] but found [https://dsportalapp.herokuapp.com/register]
at org.testng.Assert.fail(Assert.java:111)
at org.testng.Assert.failNotEquals(Assert.java:1578)
at org.testng.Assert.assertEqualsImpl(Assert.java:150)
at org.testng.Assert.assertEquals(Assert.java:132)
at org.testng.Assert.assertEquals(Assert.java:656)
at org.testng.Assert.assertEquals(Assert.java:666)
at utilities.UtlityFunctions.check_url(UtlityFunctions.java:40)
at utilities.UtlityFunctions.check_url_home(UtlityFunctions.java:61)
at step_definition.Register_SD.user_willl_direct_to_home_page(Register_SD.java:39)
at âœ½.user willl direct to home page(file:///C:/Users/bobby/eclipse-workspace/ds-algo-quality-way/src/test/resources/features/02Register.feature:76)
]]>
    </failure>
  </testcase> <!-- runScenario -->
  <testcase classname="runner.TestRunner" name="runScenario" time="7.763"/>
  <testcase classname="runner.TestRunner" name="runScenario" time="0.095"/>
  <testcase classname="runner.TestRunner" name="runScenario" time="0.312"/>
  <testcase classname="runner.TestRunner" name="runScenario" time="0.548"/>
</testsuite> <!-- runner.TestRunner -->
