<?xml version="1.0" encoding="UTF-8"?>
<!-- Generated by org.testng.reporters.JUnitReportReporter -->
<testsuite hostname="DESKTOP-C4T3QLF" failures="0" tests="8" name="runner.TestRunner" time="10.092" errors="0" timestamp="2023-09-20T16:23:43 EDT" skipped="0">
  <testcase classname="runner.TestRunner" name="runScenario" time="0.193"/>
  <testcase classname="runner.TestRunner" name="runScenario" time="7.850"/>
  <testcase classname="runner.TestRunner" name="runScenario" time="0.680"/>
  <testcase classname="runner.TestRunner" name="runScenario" time="0.288"/>
  <testcase classname="runner.TestRunner" name="runScenario" time="0.125"/>
  <testcase classname="runner.TestRunner" name="runScenario" time="0.314"/>
  <testcase classname="runner.TestRunner" name="runScenario" time="0.152"/>
  <testcase classname="runner.TestRunner" name="runScenario" time="0.490"/>
</testsuite> <!-- runner.TestRunner -->
