<?xml version="1.0" encoding="UTF-8"?>
<!-- Generated by org.testng.reporters.JUnitReportReporter -->
<testsuite hostname="DESKTOP-C4T3QLF" failures="4" tests="33" name="runner.TestRunner" time="17.277" errors="2" timestamp="2023-09-27T09:45:03 EDT" skipped="0">
  <testcase classname="runner.TestRunner" name="runScenario" time="0.347"/>
  <testcase classname="runner.TestRunner" name="runScenario" time="0.445"/>
  <testcase classname="runner.TestRunner" name="runScenario" time="0.283"/>
  <testcase classname="runner.TestRunner" name="runScenario" time="0.258"/>
  <testcase classname="runner.TestRunner" name="runScenario" time="0.405"/>
  <testcase classname="runner.TestRunner" name="runScenario" time="0.241"/>
  <testcase classname="runner.TestRunner" name="runScenario" time="0.383"/>
  <testcase classname="runner.TestRunner" name="runScenario" time="0.273"/>
  <testcase classname="runner.TestRunner" name="runScenario" time="0.741"/>
  <testcase classname="runner.TestRunner" name="runScenario" time="0.269"/>
  <testcase classname="runner.TestRunner" name="runScenario" time="0.316"/>
  <testcase classname="runner.TestRunner" name="runScenario" time="0.253"/>
  <testcase classname="runner.TestRunner" name="runScenario" time="0.295"/>
  <testcase classname="runner.TestRunner" name="runScenario" time="0.537">
    <failure message="expected [https://dsportalapp.herokuapp.com/home] but found [https://dsportalapp.herokuapp.com/register]" type="java.lang.AssertionError">
      <![CDATA[java.lang.AssertionError: expected [https://dsportalapp.herokuapp.com/home] but found [https://dsportalapp.herokuapp.com/register]
at org.testng.Assert.fail(Assert.java:111)
at org.testng.Assert.failNotEquals(Assert.java:1578)
at org.testng.Assert.assertEqualsImpl(Assert.java:150)
at org.testng.Assert.assertEquals(Assert.java:132)
at org.testng.Assert.assertEquals(Assert.java:656)
at org.testng.Assert.assertEquals(Assert.java:666)
at utilities.UtlityFunctions.check_url(UtlityFunctions.java:43)
at utilities.UtlityFunctions.check_url_home(UtlityFunctions.java:68)
at step_definition.Register_SD.user_will_navigate_to_home_page(Register_SD.java:266)
at ✽.user will navigate to home page(file:///C:/Users/bobby/eclipse-workspace/ds-algo-quality-way/src/test/resources/features/02Register.feature:102)
]]>
    </failure>
  </testcase> <!-- runScenario -->
  <testcase classname="runner.TestRunner" name="runScenario" time="7.466"/>
  <testcase classname="runner.TestRunner" name="runScenario" time="0.366">
    <failure message="expected [User already exists.] but found [password_mismatch:The two password fields didn’t match.]" type="java.lang.AssertionError">
      <![CDATA[java.lang.AssertionError: expected [User already exists.] but found [password_mismatch:The two password fields didn’t match.]
at org.testng.Assert.fail(Assert.java:111)
at org.testng.Assert.failNotEquals(Assert.java:1578)
at org.testng.Assert.assertEqualsImpl(Assert.java:150)
at org.testng.Assert.assertEquals(Assert.java:132)
at org.testng.Assert.assertEquals(Assert.java:656)
at org.testng.Assert.assertEquals(Assert.java:666)
at utilities.UtlityFunctions.check_text(UtlityFunctions.java:47)
at pageObjeccts.Register_POM.enter_existing_username_msg(Register_POM.java:91)
at step_definition.Register_SD.user_already_exists_message_should_appears(Register_SD.java:225)
at ✽.user already exists message should appears.(file:///C:/Users/bobby/eclipse-workspace/ds-algo-quality-way/src/test/resources/features/02Register.feature:89)
]]>
    </failure>
  </testcase> <!-- runScenario -->
  <testcase classname="runner.TestRunner" name="runScenario" time="0.216"/>
  <testcase classname="runner.TestRunner" name="runScenario" time="0.291"/>
  <testcase classname="runner.TestRunner" name="runScenario" time="0.243"/>
  <testcase classname="runner.TestRunner" name="runScenario" time="0.301"/>
  <testcase classname="runner.TestRunner" name="runScenario" time="0.095"/>
  <testcase classname="runner.TestRunner" name="runScenario" time="0.205"/>
  <testcase classname="runner.TestRunner" name="runScenario" time="0.358"/>
  <testcase classname="runner.TestRunner" name="runScenario" time="0.317"/>
  <testcase classname="runner.TestRunner" name="runScenario" time="0.011">
    <error message="TODO: implement me" type="io.cucumber.java.PendingException">
      <![CDATA[io.cucumber.java.PendingException: TODO: implement me
at step_definition.Graph_SD.user_write_some_invalid_code_for_graph_then_click_run_button(Graph_SD.java:101)
at ✽.user write some invalid code for Graph then click run button(file:///C:/Users/bobby/eclipse-workspace/ds-algo-quality-way/src/test/resources/features/10graph.feature:58)
]]>
    </error>
  </testcase> <!-- runScenario -->
  <testcase classname="runner.TestRunner" name="runScenario" time="0.242"/>
  <testcase classname="runner.TestRunner" name="runScenario" time="0.360">
    <failure message="expected [Your password must contain at least 8 characters.] but found [password_mismatch:The two password fields didn’t match.]" type="java.lang.AssertionError">
      <![CDATA[java.lang.AssertionError: expected [Your password must contain at least 8 characters.] but found [password_mismatch:The two password fields didn’t match.]
at org.testng.Assert.fail(Assert.java:111)
at org.testng.Assert.failNotEquals(Assert.java:1578)
at org.testng.Assert.assertEqualsImpl(Assert.java:150)
at org.testng.Assert.assertEquals(Assert.java:132)
at org.testng.Assert.assertEquals(Assert.java:656)
at org.testng.Assert.assertEquals(Assert.java:666)
at utilities.UtlityFunctions.check_text(UtlityFunctions.java:47)
at pageObjeccts.Register_POM.enter_password_less_than_eight_msg(Register_POM.java:76)
at step_definition.Register_SD.your_password_must_contain_at_least_characters_message_should_display(Register_SD.java:155)
at ✽.Your password must contain at least 8 characters message should display(file:///C:/Users/bobby/eclipse-workspace/ds-algo-quality-way/src/test/resources/features/02Register.feature:66)
]]>
    </failure>
  </testcase> <!-- runScenario -->
  <testcase classname="runner.TestRunner" name="runScenario" time="0.382"/>
  <testcase classname="runner.TestRunner" name="runScenario" time="0.011">
    <error message="TODO: implement me" type="io.cucumber.java.PendingException">
      <![CDATA[io.cucumber.java.PendingException: TODO: implement me
at step_definition.Graph_SD.user_write_some_valid_java_code_for_graph_page_then_click_run_button(Graph_SD.java:88)
at ✽.user write some valid java code for Graph page then click run button(file:///C:/Users/bobby/eclipse-workspace/ds-algo-quality-way/src/test/resources/features/10graph.feature:53)
]]>
    </error>
  </testcase> <!-- runScenario -->
  <testcase classname="runner.TestRunner" name="runScenario" time="0.443"/>
  <testcase classname="runner.TestRunner" name="runScenario" time="0.219"/>
  <testcase classname="runner.TestRunner" name="runScenario" time="0.369">
    <failure message="expected [Your password can’t be entirely numeric.] but found [password_mismatch:The two password fields didn’t match.]" type="java.lang.AssertionError">
      <![CDATA[java.lang.AssertionError: expected [Your password can’t be entirely numeric.] but found [password_mismatch:The two password fields didn’t match.]
at org.testng.Assert.fail(Assert.java:111)
at org.testng.Assert.failNotEquals(Assert.java:1578)
at org.testng.Assert.assertEqualsImpl(Assert.java:150)
at org.testng.Assert.assertEquals(Assert.java:132)
at org.testng.Assert.assertEquals(Assert.java:656)
at org.testng.Assert.assertEquals(Assert.java:666)
at utilities.UtlityFunctions.check_text(UtlityFunctions.java:47)
at pageObjeccts.Register_POM.enter_password_only_numeric_msg(Register_POM.java:81)
at step_definition.Register_SD.your_password_can_not_be_entirely_numeric_message_should_display(Register_SD.java:177)
at ✽.Your password can not be entirely numeric message should display(file:///C:/Users/bobby/eclipse-workspace/ds-algo-quality-way/src/test/resources/features/02Register.feature:73)
]]>
    </failure>
  </testcase> <!-- runScenario -->
  <testcase classname="runner.TestRunner" name="runScenario" time="0.336"/>
</testsuite> <!-- runner.TestRunner -->
