<?xml version="1.0" encoding="UTF-8"?>
<!-- Generated by org.testng.reporters.JUnitReportReporter -->
<testsuite hostname="DESKTOP-C4T3QLF" failures="0" tests="8" name="runner.TestRunner" time="5.218" errors="0" timestamp="2023-09-25T16:23:26 EDT" skipped="0">
  <testcase classname="runner.TestRunner" name="runScenario" time="0.221"/>
  <testcase classname="runner.TestRunner" name="runScenario" time="0.265"/>
  <testcase classname="runner.TestRunner" name="runScenario" time="0.260"/>
  <testcase classname="runner.TestRunner" name="runScenario" time="0.207"/>
  <testcase classname="runner.TestRunner" name="runScenario" time="0.571"/>
  <testcase classname="runner.TestRunner" name="runScenario" time="0.209"/>
  <testcase classname="runner.TestRunner" name="runScenario" time="0.086"/>
  <testcase classname="runner.TestRunner" name="runScenario" time="3.399"/>
</testsuite> <!-- runner.TestRunner -->
