<?xml version="1.0" encoding="UTF-8"?>
<!-- Generated by org.testng.reporters.JUnitReportReporter -->
<testsuite hostname="DESKTOP-C4T3QLF" failures="0" tests="20" name="runner.TestRunner" time="33.759" errors="0" timestamp="2023-09-24T20:20:11 EDT" skipped="0">
  <testcase classname="runner.TestRunner" name="runScenario" time="0.220"/>
  <testcase classname="runner.TestRunner" name="runScenario" time="0.346"/>
  <testcase classname="runner.TestRunner" name="runScenario" time="0.262"/>
  <testcase classname="runner.TestRunner" name="runScenario" time="7.240"/>
  <testcase classname="runner.TestRunner" name="runScenario" time="0.221"/>
  <testcase classname="runner.TestRunner" name="runScenario" time="0.294"/>
  <testcase classname="runner.TestRunner" name="runScenario" time="0.364"/>
  <testcase classname="runner.TestRunner" name="runScenario" time="7.377"/>
  <testcase classname="runner.TestRunner" name="runScenario" time="0.181"/>
  <testcase classname="runner.TestRunner" name="runScenario" time="0.468"/>
  <testcase classname="runner.TestRunner" name="runScenario" time="0.383"/>
  <testcase classname="runner.TestRunner" name="runScenario" time="0.104"/>
  <testcase classname="runner.TestRunner" name="runScenario" time="0.502"/>
  <testcase classname="runner.TestRunner" name="runScenario" time="0.267"/>
  <testcase classname="runner.TestRunner" name="runScenario" time="7.192"/>
  <testcase classname="runner.TestRunner" name="runScenario" time="0.207"/>
  <testcase classname="runner.TestRunner" name="runScenario" time="0.386"/>
  <testcase classname="runner.TestRunner" name="runScenario" time="0.188"/>
  <testcase classname="runner.TestRunner" name="runScenario" time="7.185"/>
  <testcase classname="runner.TestRunner" name="runScenario" time="0.372"/>
</testsuite> <!-- runner.TestRunner -->
