<?xml version="1.0" encoding="UTF-8"?>
<!-- Generated by org.testng.reporters.JUnitReportReporter -->
<testsuite hostname="DESKTOP-C4T3QLF" failures="0" tests="3" name="pageObjects.BaseClass" time="6.617" errors="0" timestamp="2023-10-02T16:57:20 EDT" skipped="0">
  <testcase classname="pageObjects.BaseClass" name="browserSetup" time="2.574"/>
  <testcase classname="pageObjects.BaseClass" name="browserSetup" time="3.157"/>
  <testcase classname="pageObjects.BaseClass" name="browserSetup" time="0.886"/>
</testsuite> <!-- pageObjects.BaseClass -->
