<?xml version="1.0" encoding="UTF-8"?>
<!-- Generated by org.testng.reporters.JUnitReportReporter -->
<testsuite hostname="DESKTOP-C4T3QLF" failures="2" tests="15" name="runner.TestRunner" time="11.592" errors="0" timestamp="2023-09-25T22:18:29 EDT" skipped="0">
  <testcase classname="runner.TestRunner" name="runScenario" time="0.396"/>
  <testcase classname="runner.TestRunner" name="runScenario" time="7.373"/>
  <testcase classname="runner.TestRunner" name="runScenario" time="0.305"/>
  <testcase classname="runner.TestRunner" name="runScenario" time="0.535"/>
  <testcase classname="runner.TestRunner" name="runScenario" time="0.223"/>
  <testcase classname="runner.TestRunner" name="runScenario" time="0.271"/>
  <testcase classname="runner.TestRunner" name="runScenario" time="0.336"/>
  <testcase classname="runner.TestRunner" name="runScenario" time="0.211"/>
  <testcase classname="runner.TestRunner" name="runScenario" time="0.266"/>
  <testcase classname="runner.TestRunner" name="runScenario" time="0.336">
    <failure message="expected [Your password can’t be entirely numeric.] but found [password_mismatch:The two password fields didn’t match.]" type="java.lang.AssertionError">
      <![CDATA[java.lang.AssertionError: expected [Your password can’t be entirely numeric.] but found [password_mismatch:The two password fields didn’t match.]
at org.testng.Assert.fail(Assert.java:111)
at org.testng.Assert.failNotEquals(Assert.java:1578)
at org.testng.Assert.assertEqualsImpl(Assert.java:150)
at org.testng.Assert.assertEquals(Assert.java:132)
at org.testng.Assert.assertEquals(Assert.java:656)
at org.testng.Assert.assertEquals(Assert.java:666)
at utilities.UtlityFunctions.check_text(UtlityFunctions.java:45)
at pageObjeccts.Register_POM.enter_password_only_numeric_msg(Register_POM.java:75)
at step_definition.Register_SD.your_password_can_not_be_entirely_numeric_message_should_display(Register_SD.java:177)
at ✽.Your password can not be entirely numeric message should display(file:///C:/Users/bobby/eclipse-workspace/ds-algo-quality-way/src/test/resources/features/02Register.feature:73)
]]>
    </failure>
  </testcase> <!-- runScenario -->
  <testcase classname="runner.TestRunner" name="runScenario" time="0.108"/>
  <testcase classname="runner.TestRunner" name="runScenario" time="0.207"/>
  <testcase classname="runner.TestRunner" name="runScenario" time="0.377"/>
  <testcase classname="runner.TestRunner" name="runScenario" time="0.328">
    <failure message="expected [Your password must contain at least 8 characters.] but found [password_mismatch:The two password fields didn’t match.]" type="java.lang.AssertionError">
      <![CDATA[java.lang.AssertionError: expected [Your password must contain at least 8 characters.] but found [password_mismatch:The two password fields didn’t match.]
at org.testng.Assert.fail(Assert.java:111)
at org.testng.Assert.failNotEquals(Assert.java:1578)
at org.testng.Assert.assertEqualsImpl(Assert.java:150)
at org.testng.Assert.assertEquals(Assert.java:132)
at org.testng.Assert.assertEquals(Assert.java:656)
at org.testng.Assert.assertEquals(Assert.java:666)
at utilities.UtlityFunctions.check_text(UtlityFunctions.java:45)
at pageObjeccts.Register_POM.enter_password_less_than_eight_msg(Register_POM.java:70)
at step_definition.Register_SD.your_password_must_contain_at_least_characters_message_should_display(Register_SD.java:155)
at ✽.Your password must contain at least 8 characters message should display(file:///C:/Users/bobby/eclipse-workspace/ds-algo-quality-way/src/test/resources/features/02Register.feature:66)
]]>
    </failure>
  </testcase> <!-- runScenario -->
  <testcase classname="runner.TestRunner" name="runScenario" time="0.320"/>
</testsuite> <!-- runner.TestRunner -->
