<?xml version="1.0" encoding="UTF-8"?>
<!-- Generated by org.testng.reporters.JUnitReportReporter -->
<testsuite hostname="DESKTOP-C4T3QLF" failures="0" tests="6" name="runner.TestRunner" time="8.726" errors="0" timestamp="2023-09-20T13:38:31 EDT" skipped="0">
  <testcase classname="runner.TestRunner" name="runScenario" time="0.348"/>
  <testcase classname="runner.TestRunner" name="runScenario" time="7.575"/>
  <testcase classname="runner.TestRunner" name="runScenario" time="0.176"/>
  <testcase classname="runner.TestRunner" name="runScenario" time="0.152"/>
  <testcase classname="runner.TestRunner" name="runScenario" time="0.341"/>
  <testcase classname="runner.TestRunner" name="runScenario" time="0.134"/>
</testsuite> <!-- runner.TestRunner -->
