<?xml version="1.0" encoding="UTF-8"?>
<!-- Generated by org.testng.reporters.JUnitReportReporter -->
<testsuite hostname="DESKTOP-C4T3QLF" failures="0" tests="7" name="runner.TestRunner" time="7.714" errors="0" timestamp="2023-11-06T14:53:26 EST" skipped="0">
  <testcase classname="runner.TestRunner" name="runScenario" time="0.460"/>
  <testcase classname="runner.TestRunner" name="runScenario" time="0.427"/>
  <testcase classname="runner.TestRunner" name="runScenario" time="0.217"/>
  <testcase classname="runner.TestRunner" name="runScenario" time="6.092"/>
  <testcase classname="runner.TestRunner" name="runScenario" time="0.191"/>
  <testcase classname="runner.TestRunner" name="runScenario" time="0.124"/>
  <testcase classname="runner.TestRunner" name="runScenario" time="0.203"/>
</testsuite> <!-- runner.TestRunner -->
