<?xml version="1.0" encoding="UTF-8"?>
<!-- Generated by org.testng.reporters.JUnitReportReporter -->
<testsuite hostname="DESKTOP-C4T3QLF" failures="0" tests="5" name="runner.TestRunner" time="9.691" errors="0" timestamp="2023-09-20T13:31:41 EDT" skipped="0">
  <testcase classname="runner.TestRunner" name="runScenario" time="8.604"/>
  <testcase classname="runner.TestRunner" name="runScenario" time="0.379"/>
  <testcase classname="runner.TestRunner" name="runScenario" time="0.168"/>
  <testcase classname="runner.TestRunner" name="runScenario" time="0.337"/>
  <testcase classname="runner.TestRunner" name="runScenario" time="0.203"/>
</testsuite> <!-- runner.TestRunner -->
