<?xml version="1.0" encoding="UTF-8"?>
<!-- Generated by org.testng.reporters.JUnitReportReporter -->
<testsuite hostname="DESKTOP-C4T3QLF" failures="0" tests="4" name="runner.TestRunner" time="8.198" errors="0" timestamp="2023-09-20T12:59:41 EDT" skipped="0">
  <testcase classname="runner.TestRunner" name="runScenario" time="0.291"/>
  <testcase classname="runner.TestRunner" name="runScenario" time="7.408"/>
  <testcase classname="runner.TestRunner" name="runScenario" time="0.343"/>
  <testcase classname="runner.TestRunner" name="runScenario" time="0.156"/>
</testsuite> <!-- runner.TestRunner -->
