<?xml version="1.0" encoding="UTF-8"?>
<!-- Generated by org.testng.reporters.JUnitReportReporter -->
<testsuite hostname="DESKTOP-C4T3QLF" failures="0" tests="7" name="runner.TestRunner" time="6.674" errors="0" timestamp="2023-11-06T15:12:31 EST" skipped="0">
  <testcase classname="runner.TestRunner" name="runScenario" time="5.182"/>
  <testcase classname="runner.TestRunner" name="runScenario" time="0.476"/>
  <testcase classname="runner.TestRunner" name="runScenario" time="0.110"/>
  <testcase classname="runner.TestRunner" name="runScenario" time="0.228"/>
  <testcase classname="runner.TestRunner" name="runScenario" time="0.216"/>
  <testcase classname="runner.TestRunner" name="runScenario" time="0.266"/>
  <testcase classname="runner.TestRunner" name="runScenario" time="0.196"/>
</testsuite> <!-- runner.TestRunner -->
