<?xml version="1.0" encoding="UTF-8"?>
<!-- Generated by org.testng.reporters.JUnitReportReporter -->
<testsuite hostname="DESKTOP-C4T3QLF" failures="4" tests="26" name="runner.TestRunner" time="18.241" errors="0" timestamp="2023-09-30T16:27:59 EDT" skipped="0">
  <testcase classname="runner.TestRunner" name="runScenario" time="0.535"/>
  <testcase classname="runner.TestRunner" name="runScenario" time="0.595">
    <failure message="expected [https://dsportalapp.herokuapp.com/home] but found [https://dsportalapp.herokuapp.com/register]" type="java.lang.AssertionError">
      <![CDATA[java.lang.AssertionError: expected [https://dsportalapp.herokuapp.com/home] but found [https://dsportalapp.herokuapp.com/register]
at org.testng.Assert.fail(Assert.java:111)
at org.testng.Assert.failNotEquals(Assert.java:1578)
at org.testng.Assert.assertEqualsImpl(Assert.java:150)
at org.testng.Assert.assertEquals(Assert.java:132)
at org.testng.Assert.assertEquals(Assert.java:656)
at org.testng.Assert.assertEquals(Assert.java:666)
at utilities.UtlityFunctions.check_url(UtlityFunctions.java:39)
at utilities.UtlityFunctions.check_url_home(UtlityFunctions.java:64)
at step_definition.Register_SD.user_will_navigate_to_home_page(Register_SD.java:265)
at ✽.user will navigate to home page(file:///C:/Users/bobby/eclipse-workspace/ds-algo-quality-way/src/test/resources/features/02Register.feature:102)
]]>
    </failure>
  </testcase> <!-- runScenario -->
  <testcase classname="runner.TestRunner" name="runScenario" time="0.432"/>
  <testcase classname="runner.TestRunner" name="runScenario" time="0.488"/>
  <testcase classname="runner.TestRunner" name="runScenario" time="0.433"/>
  <testcase classname="runner.TestRunner" name="runScenario" time="7.368"/>
  <testcase classname="runner.TestRunner" name="runScenario" time="0.251"/>
  <testcase classname="runner.TestRunner" name="runScenario" time="0.570"/>
  <testcase classname="runner.TestRunner" name="runScenario" time="0.210"/>
  <testcase classname="runner.TestRunner" name="runScenario" time="0.371"/>
  <testcase classname="runner.TestRunner" name="runScenario" time="0.255"/>
  <testcase classname="runner.TestRunner" name="runScenario" time="0.523">
    <failure message="expected [Your password must contain at least 8 characters.] but found [password_mismatch:The two password fields didn’t match.]" type="java.lang.AssertionError">
      <![CDATA[java.lang.AssertionError: expected [Your password must contain at least 8 characters.] but found [password_mismatch:The two password fields didn’t match.]
at org.testng.Assert.fail(Assert.java:111)
at org.testng.Assert.failNotEquals(Assert.java:1578)
at org.testng.Assert.assertEqualsImpl(Assert.java:150)
at org.testng.Assert.assertEquals(Assert.java:132)
at org.testng.Assert.assertEquals(Assert.java:656)
at org.testng.Assert.assertEquals(Assert.java:666)
at utilities.UtlityFunctions.check_text(UtlityFunctions.java:43)
at pageObjeccts.Register_POM.enter_password_less_than_eight_msg(Register_POM.java:111)
at step_definition.Register_SD.your_password_must_contain_at_least_characters_message_should_display(Register_SD.java:154)
at ✽.Your password must contain at least 8 characters message should display(file:///C:/Users/bobby/eclipse-workspace/ds-algo-quality-way/src/test/resources/features/02Register.feature:66)
]]>
    </failure>
  </testcase> <!-- runScenario -->
  <testcase classname="runner.TestRunner" name="runScenario" time="0.541">
    <failure message="expected [User already exists.] but found [password_mismatch:The two password fields didn’t match.]" type="java.lang.AssertionError">
      <![CDATA[java.lang.AssertionError: expected [User already exists.] but found [password_mismatch:The two password fields didn’t match.]
at org.testng.Assert.fail(Assert.java:111)
at org.testng.Assert.failNotEquals(Assert.java:1578)
at org.testng.Assert.assertEqualsImpl(Assert.java:150)
at org.testng.Assert.assertEquals(Assert.java:132)
at org.testng.Assert.assertEquals(Assert.java:656)
at org.testng.Assert.assertEquals(Assert.java:666)
at utilities.UtlityFunctions.check_text(UtlityFunctions.java:43)
at pageObjeccts.Register_POM.enter_existing_username_msg(Register_POM.java:126)
at step_definition.Register_SD.user_already_exists_message_should_appears(Register_SD.java:224)
at ✽.user already exists message should appears.(file:///C:/Users/bobby/eclipse-workspace/ds-algo-quality-way/src/test/resources/features/02Register.feature:89)
]]>
    </failure>
  </testcase> <!-- runScenario -->
  <testcase classname="runner.TestRunner" name="runScenario" time="0.256"/>
  <testcase classname="runner.TestRunner" name="runScenario" time="0.091"/>
  <testcase classname="runner.TestRunner" name="runScenario" time="0.345"/>
  <testcase classname="runner.TestRunner" name="runScenario" time="0.269"/>
  <testcase classname="runner.TestRunner" name="runScenario" time="0.524">
    <failure message="expected [Your password can’t be entirely numeric.] but found [password_mismatch:The two password fields didn’t match.]" type="java.lang.AssertionError">
      <![CDATA[java.lang.AssertionError: expected [Your password can’t be entirely numeric.] but found [password_mismatch:The two password fields didn’t match.]
at org.testng.Assert.fail(Assert.java:111)
at org.testng.Assert.failNotEquals(Assert.java:1578)
at org.testng.Assert.assertEqualsImpl(Assert.java:150)
at org.testng.Assert.assertEquals(Assert.java:132)
at org.testng.Assert.assertEquals(Assert.java:656)
at org.testng.Assert.assertEquals(Assert.java:666)
at utilities.UtlityFunctions.check_text(UtlityFunctions.java:43)
at pageObjeccts.Register_POM.enter_password_only_numeric_msg(Register_POM.java:116)
at step_definition.Register_SD.your_password_can_not_be_entirely_numeric_message_should_display(Register_SD.java:176)
at ✽.Your password can not be entirely numeric message should display(file:///C:/Users/bobby/eclipse-workspace/ds-algo-quality-way/src/test/resources/features/02Register.feature:73)
]]>
    </failure>
  </testcase> <!-- runScenario -->
  <testcase classname="runner.TestRunner" name="runScenario" time="0.225"/>
  <testcase classname="runner.TestRunner" name="runScenario" time="0.308"/>
  <testcase classname="runner.TestRunner" name="runScenario" time="0.528"/>
  <testcase classname="runner.TestRunner" name="runScenario" time="0.474"/>
  <testcase classname="runner.TestRunner" name="runScenario" time="0.301"/>
  <testcase classname="runner.TestRunner" name="runScenario" time="1.362"/>
  <testcase classname="runner.TestRunner" name="runScenario" time="0.260"/>
  <testcase classname="runner.TestRunner" name="runScenario" time="0.726"/>
</testsuite> <!-- runner.TestRunner -->
