<?xml version="1.0" encoding="UTF-8"?>
<!-- Generated by org.testng.reporters.JUnitReportReporter -->
<testsuite hostname="DESKTOP-C4T3QLF" failures="0" tests="8" name="runner.TestRunner" time="9.921" errors="0" timestamp="2023-09-20T16:12:45 EDT" skipped="0">
  <testcase classname="runner.TestRunner" name="runScenario" time="0.214"/>
  <testcase classname="runner.TestRunner" name="runScenario" time="7.701"/>
  <testcase classname="runner.TestRunner" name="runScenario" time="0.658"/>
  <testcase classname="runner.TestRunner" name="runScenario" time="0.303"/>
  <testcase classname="runner.TestRunner" name="runScenario" time="0.152"/>
  <testcase classname="runner.TestRunner" name="runScenario" time="0.323"/>
  <testcase classname="runner.TestRunner" name="runScenario" time="0.114"/>
  <testcase classname="runner.TestRunner" name="runScenario" time="0.456"/>
</testsuite> <!-- runner.TestRunner -->
