<?xml version="1.0" encoding="UTF-8"?>
<!-- Generated by org.testng.reporters.JUnitReportReporter -->
<testsuite hostname="DESKTOP-C4T3QLF" failures="0" tests="1" name="runner.TestRunner" time="3.515" errors="0" timestamp="2023-09-19T16:25:32 EDT" skipped="0">
  <testcase classname="runner.TestRunner" name="runScenario" time="3.515"/>
</testsuite> <!-- runner.TestRunner -->
