<?xml version="1.0" encoding="UTF-8"?>
<!-- Generated by org.testng.reporters.JUnitReportReporter -->
<testsuite hostname="DESKTOP-C4T3QLF" failures="0" tests="66" name="runner.TestRunner" time="45.296" errors="0" timestamp="2023-10-04T13:19:37 EDT" skipped="0">
  <testcase classname="runner.TestRunner" name="runScenario" time="0.375"/>
  <testcase classname="runner.TestRunner" name="runScenario" time="1.341"/>
  <testcase classname="runner.TestRunner" name="runScenario" time="0.578"/>
  <testcase classname="runner.TestRunner" name="runScenario" time="0.487"/>
  <testcase classname="runner.TestRunner" name="runScenario" time="0.542"/>
  <testcase classname="runner.TestRunner" name="runScenario" time="0.342"/>
  <testcase classname="runner.TestRunner" name="runScenario" time="0.564"/>
  <testcase classname="runner.TestRunner" name="runScenario" time="0.442"/>
  <testcase classname="runner.TestRunner" name="runScenario" time="0.458"/>
  <testcase classname="runner.TestRunner" name="runScenario" time="0.220"/>
  <testcase classname="runner.TestRunner" name="runScenario" time="0.654"/>
  <testcase classname="runner.TestRunner" name="runScenario" time="0.225"/>
  <testcase classname="runner.TestRunner" name="runScenario" time="0.744"/>
  <testcase classname="runner.TestRunner" name="runScenario" time="0.408"/>
  <testcase classname="runner.TestRunner" name="runScenario" time="0.210"/>
  <testcase classname="runner.TestRunner" name="runScenario" time="0.470"/>
  <testcase classname="runner.TestRunner" name="runScenario" time="0.418"/>
  <testcase classname="runner.TestRunner" name="runScenario" time="1.043"/>
  <testcase classname="runner.TestRunner" name="runScenario" time="1.380"/>
  <testcase classname="runner.TestRunner" name="runScenario" time="0.409"/>
  <testcase classname="runner.TestRunner" name="runScenario" time="0.916"/>
  <testcase classname="runner.TestRunner" name="runScenario" time="0.414"/>
  <testcase classname="runner.TestRunner" name="runScenario" time="1.019"/>
  <testcase classname="runner.TestRunner" name="runScenario" time="1.018"/>
  <testcase classname="runner.TestRunner" name="runScenario" time="0.998"/>
  <testcase classname="runner.TestRunner" name="runScenario" time="0.440"/>
  <testcase classname="runner.TestRunner" name="runScenario" time="0.439"/>
  <testcase classname="runner.TestRunner" name="runScenario" time="0.533"/>
  <testcase classname="runner.TestRunner" name="runScenario" time="0.582"/>
  <testcase classname="runner.TestRunner" name="runScenario" time="0.441"/>
  <testcase classname="runner.TestRunner" name="runScenario" time="0.232"/>
  <testcase classname="runner.TestRunner" name="runScenario" time="0.340"/>
  <testcase classname="runner.TestRunner" name="runScenario" time="1.095"/>
  <testcase classname="runner.TestRunner" name="runScenario" time="0.428"/>
  <testcase classname="runner.TestRunner" name="runScenario" time="0.428"/>
  <testcase classname="runner.TestRunner" name="runScenario" time="1.015"/>
  <testcase classname="runner.TestRunner" name="runScenario" time="1.123"/>
  <testcase classname="runner.TestRunner" name="runScenario" time="0.592"/>
  <testcase classname="runner.TestRunner" name="runScenario" time="0.483"/>
  <testcase classname="runner.TestRunner" name="runScenario" time="1.054"/>
  <testcase classname="runner.TestRunner" name="runScenario" time="0.399"/>
  <testcase classname="runner.TestRunner" name="runScenario" time="0.401"/>
  <testcase classname="runner.TestRunner" name="runScenario" time="0.228"/>
  <testcase classname="runner.TestRunner" name="runScenario" time="0.130"/>
  <testcase classname="runner.TestRunner" name="runScenario" time="0.528"/>
  <testcase classname="runner.TestRunner" name="runScenario" time="0.198"/>
  <testcase classname="runner.TestRunner" name="runScenario" time="0.412"/>
  <testcase classname="runner.TestRunner" name="runScenario" time="0.239"/>
  <testcase classname="runner.TestRunner" name="runScenario" time="0.299"/>
  <testcase classname="runner.TestRunner" name="runScenario" time="0.448"/>
  <testcase classname="runner.TestRunner" name="runScenario" time="7.550"/>
  <testcase classname="runner.TestRunner" name="runScenario" time="0.957"/>
  <testcase classname="runner.TestRunner" name="runScenario" time="0.385"/>
  <testcase classname="runner.TestRunner" name="runScenario" time="1.160"/>
  <testcase classname="runner.TestRunner" name="runScenario" time="0.445"/>
  <testcase classname="runner.TestRunner" name="runScenario" time="0.410"/>
  <testcase classname="runner.TestRunner" name="runScenario" time="0.683"/>
  <testcase classname="runner.TestRunner" name="runScenario" time="1.090"/>
  <testcase classname="runner.TestRunner" name="runScenario" time="0.383"/>
  <testcase classname="runner.TestRunner" name="runScenario" time="0.337"/>
  <testcase classname="runner.TestRunner" name="runScenario" time="0.452"/>
  <testcase classname="runner.TestRunner" name="runScenario" time="0.583"/>
  <testcase classname="runner.TestRunner" name="runScenario" time="1.268"/>
  <testcase classname="runner.TestRunner" name="runScenario" time="0.315"/>
  <testcase classname="runner.TestRunner" name="runScenario" time="0.387"/>
  <testcase classname="runner.TestRunner" name="runScenario" time="0.709"/>
</testsuite> <!-- runner.TestRunner -->
