<?xml version="1.0" encoding="UTF-8"?>
<!-- Generated by org.testng.reporters.JUnitReportReporter -->
<testsuite hostname="DESKTOP-C4T3QLF" failures="4" tests="149" name="runner.TestRunner" time="57.640" errors="0" timestamp="2023-10-01T18:08:06 EDT" skipped="0">
  <testcase classname="runner.TestRunner" name="runScenario" time="0.334"/>
  <testcase classname="runner.TestRunner" name="runScenario" time="0.330"/>
  <testcase classname="runner.TestRunner" name="runScenario" time="0.401"/>
  <testcase classname="runner.TestRunner" name="runScenario" time="0.397"/>
  <testcase classname="runner.TestRunner" name="runScenario" time="0.338"/>
  <testcase classname="runner.TestRunner" name="runScenario" time="0.393"/>
  <testcase classname="runner.TestRunner" name="runScenario" time="0.382"/>
  <testcase classname="runner.TestRunner" name="runScenario" time="0.522"/>
  <testcase classname="runner.TestRunner" name="runScenario" time="0.380"/>
  <testcase classname="runner.TestRunner" name="runScenario" time="0.199"/>
  <testcase classname="runner.TestRunner" name="runScenario" time="0.332"/>
  <testcase classname="runner.TestRunner" name="runScenario" time="0.337"/>
  <testcase classname="runner.TestRunner" name="runScenario" time="0.316"/>
  <testcase classname="runner.TestRunner" name="runScenario" time="0.390"/>
  <testcase classname="runner.TestRunner" name="runScenario" time="0.346"/>
  <testcase classname="runner.TestRunner" name="runScenario" time="0.404">
    <failure message="expected [User already exists] but found [password_mismatch:The two password fields didn’t match.]" type="java.lang.AssertionError">
      <![CDATA[java.lang.AssertionError: expected [User already exists] but found [password_mismatch:The two password fields didn’t match.]
at org.testng.Assert.fail(Assert.java:111)
at org.testng.Assert.failNotEquals(Assert.java:1578)
at org.testng.Assert.assertEqualsImpl(Assert.java:150)
at org.testng.Assert.assertEquals(Assert.java:132)
at org.testng.Assert.assertEquals(Assert.java:656)
at org.testng.Assert.assertEquals(Assert.java:666)
at utilities.UtlityFunctions.check_text(UtlityFunctions.java:59)
at pageObjeccts.Register_POM.enter_existing_username_msg(Register_POM.java:132)
at step_definition.Register_SD.user_already_exists_message_should_appears(Register_SD.java:224)
at ✽.user already exists message should appears.(file:///C:/Users/bobby/eclipse-workspace/ds-algo-quality-way/src/test/resources/features/02Register.feature:89)
]]>
    </failure>
  </testcase> <!-- runScenario -->
  <testcase classname="runner.TestRunner" name="runScenario" time="0.434"/>
  <testcase classname="runner.TestRunner" name="runScenario" time="0.406"/>
  <testcase classname="runner.TestRunner" name="runScenario" time="0.486"/>
  <testcase classname="runner.TestRunner" name="runScenario" time="0.348"/>
  <testcase classname="runner.TestRunner" name="runScenario" time="0.412"/>
  <testcase classname="runner.TestRunner" name="runScenario" time="0.518"/>
  <testcase classname="runner.TestRunner" name="runScenario" time="0.266"/>
  <testcase classname="runner.TestRunner" name="runScenario" time="0.252"/>
  <testcase classname="runner.TestRunner" name="runScenario" time="0.233"/>
  <testcase classname="runner.TestRunner" name="runScenario" time="0.212"/>
  <testcase classname="runner.TestRunner" name="runScenario" time="0.310"/>
  <testcase classname="runner.TestRunner" name="runScenario" time="0.281"/>
  <testcase classname="runner.TestRunner" name="runScenario" time="0.423"/>
  <testcase classname="runner.TestRunner" name="runScenario" time="0.364"/>
  <testcase classname="runner.TestRunner" name="runScenario" time="0.403"/>
  <testcase classname="runner.TestRunner" name="runScenario" time="0.467"/>
  <testcase classname="runner.TestRunner" name="runScenario" time="0.546"/>
  <testcase classname="runner.TestRunner" name="runScenario" time="0.203"/>
  <testcase classname="runner.TestRunner" name="runScenario" time="0.421"/>
  <testcase classname="runner.TestRunner" name="runScenario" time="0.351"/>
  <testcase classname="runner.TestRunner" name="runScenario" time="0.449"/>
  <testcase classname="runner.TestRunner" name="runScenario" time="0.392"/>
  <testcase classname="runner.TestRunner" name="runScenario" time="0.252"/>
  <testcase classname="runner.TestRunner" name="runScenario" time="0.372"/>
  <testcase classname="runner.TestRunner" name="runScenario" time="0.344"/>
  <testcase classname="runner.TestRunner" name="runScenario" time="0.581"/>
  <testcase classname="runner.TestRunner" name="runScenario" time="0.453"/>
  <testcase classname="runner.TestRunner" name="runScenario" time="0.418"/>
  <testcase classname="runner.TestRunner" name="runScenario" time="0.293"/>
  <testcase classname="runner.TestRunner" name="runScenario" time="0.569">
    <failure message="expected [https://dsportalapp.herokuapp.com/home] but found [https://dsportalapp.herokuapp.com/register]" type="java.lang.AssertionError">
      <![CDATA[java.lang.AssertionError: expected [https://dsportalapp.herokuapp.com/home] but found [https://dsportalapp.herokuapp.com/register]
at org.testng.Assert.fail(Assert.java:111)
at org.testng.Assert.failNotEquals(Assert.java:1578)
at org.testng.Assert.assertEqualsImpl(Assert.java:150)
at org.testng.Assert.assertEquals(Assert.java:132)
at org.testng.Assert.assertEquals(Assert.java:656)
at org.testng.Assert.assertEquals(Assert.java:666)
at utilities.UtlityFunctions.check_url(UtlityFunctions.java:55)
at utilities.UtlityFunctions.check_url_home(UtlityFunctions.java:80)
at step_definition.Register_SD.user_will_navigate_to_home_page(Register_SD.java:265)
at ✽.user will navigate to home page(file:///C:/Users/bobby/eclipse-workspace/ds-algo-quality-way/src/test/resources/features/02Register.feature:102)
]]>
    </failure>
  </testcase> <!-- runScenario -->
  <testcase classname="runner.TestRunner" name="runScenario" time="0.239"/>
  <testcase classname="runner.TestRunner" name="runScenario" time="0.286"/>
  <testcase classname="runner.TestRunner" name="runScenario" time="0.368"/>
  <testcase classname="runner.TestRunner" name="runScenario" time="0.371"/>
  <testcase classname="runner.TestRunner" name="runScenario" time="0.264"/>
  <testcase classname="runner.TestRunner" name="runScenario" time="0.285"/>
  <testcase classname="runner.TestRunner" name="runScenario" time="0.464"/>
  <testcase classname="runner.TestRunner" name="runScenario" time="0.273"/>
  <testcase classname="runner.TestRunner" name="runScenario" time="0.377"/>
  <testcase classname="runner.TestRunner" name="runScenario" time="0.249"/>
  <testcase classname="runner.TestRunner" name="runScenario" time="0.425"/>
  <testcase classname="runner.TestRunner" name="runScenario" time="0.381"/>
  <testcase classname="runner.TestRunner" name="runScenario" time="0.575"/>
  <testcase classname="runner.TestRunner" name="runScenario" time="0.396"/>
  <testcase classname="runner.TestRunner" name="runScenario" time="0.282"/>
  <testcase classname="runner.TestRunner" name="runScenario" time="0.459"/>
  <testcase classname="runner.TestRunner" name="runScenario" time="0.760"/>
  <testcase classname="runner.TestRunner" name="runScenario" time="0.303"/>
  <testcase classname="runner.TestRunner" name="runScenario" time="0.235"/>
  <testcase classname="runner.TestRunner" name="runScenario" time="0.299"/>
  <testcase classname="runner.TestRunner" name="runScenario" time="0.302"/>
  <testcase classname="runner.TestRunner" name="runScenario" time="0.366"/>
  <testcase classname="runner.TestRunner" name="runScenario" time="0.222"/>
  <testcase classname="runner.TestRunner" name="runScenario" time="0.271"/>
  <testcase classname="runner.TestRunner" name="runScenario" time="0.479"/>
  <testcase classname="runner.TestRunner" name="runScenario" time="0.483">
    <failure message="expected [Your password must contain at least 8 characters.] but found [password_mismatch:The two password fields didn’t match.]" type="java.lang.AssertionError">
      <![CDATA[java.lang.AssertionError: expected [Your password must contain at least 8 characters.] but found [password_mismatch:The two password fields didn’t match.]
at org.testng.Assert.fail(Assert.java:111)
at org.testng.Assert.failNotEquals(Assert.java:1578)
at org.testng.Assert.assertEqualsImpl(Assert.java:150)
at org.testng.Assert.assertEquals(Assert.java:132)
at org.testng.Assert.assertEquals(Assert.java:656)
at org.testng.Assert.assertEquals(Assert.java:666)
at utilities.UtlityFunctions.check_text(UtlityFunctions.java:59)
at pageObjeccts.Register_POM.enter_password_less_than_eight_msg(Register_POM.java:114)
at step_definition.Register_SD.your_password_must_contain_at_least_characters_message_should_display(Register_SD.java:154)
at ✽.Your password must contain at least 8 characters message should display(file:///C:/Users/bobby/eclipse-workspace/ds-algo-quality-way/src/test/resources/features/02Register.feature:66)
]]>
    </failure>
  </testcase> <!-- runScenario -->
  <testcase classname="runner.TestRunner" name="runScenario" time="0.423"/>
  <testcase classname="runner.TestRunner" name="runScenario" time="0.380"/>
  <testcase classname="runner.TestRunner" name="runScenario" time="0.376"/>
  <testcase classname="runner.TestRunner" name="runScenario" time="0.315"/>
  <testcase classname="runner.TestRunner" name="runScenario" time="0.429"/>
  <testcase classname="runner.TestRunner" name="runScenario" time="0.290"/>
  <testcase classname="runner.TestRunner" name="runScenario" time="0.370"/>
  <testcase classname="runner.TestRunner" name="runScenario" time="0.251"/>
  <testcase classname="runner.TestRunner" name="runScenario" time="0.396"/>
  <testcase classname="runner.TestRunner" name="runScenario" time="0.383"/>
  <testcase classname="runner.TestRunner" name="runScenario" time="0.419"/>
  <testcase classname="runner.TestRunner" name="runScenario" time="0.222"/>
  <testcase classname="runner.TestRunner" name="runScenario" time="0.430"/>
  <testcase classname="runner.TestRunner" name="runScenario" time="0.265"/>
  <testcase classname="runner.TestRunner" name="runScenario" time="0.403"/>
  <testcase classname="runner.TestRunner" name="runScenario" time="0.438">
    <failure message="expected [Your password can’t be entirely numeric.] but found [password_mismatch:The two password fields didn’t match.]" type="java.lang.AssertionError">
      <![CDATA[java.lang.AssertionError: expected [Your password can’t be entirely numeric.] but found [password_mismatch:The two password fields didn’t match.]
at org.testng.Assert.fail(Assert.java:111)
at org.testng.Assert.failNotEquals(Assert.java:1578)
at org.testng.Assert.assertEqualsImpl(Assert.java:150)
at org.testng.Assert.assertEquals(Assert.java:132)
at org.testng.Assert.assertEquals(Assert.java:656)
at org.testng.Assert.assertEquals(Assert.java:666)
at utilities.UtlityFunctions.check_text(UtlityFunctions.java:59)
at pageObjeccts.Register_POM.enter_password_only_numeric_msg(Register_POM.java:120)
at step_definition.Register_SD.your_password_can_not_be_entirely_numeric_message_should_display(Register_SD.java:176)
at ✽.Your password can not be entirely numeric message should display(file:///C:/Users/bobby/eclipse-workspace/ds-algo-quality-way/src/test/resources/features/02Register.feature:73)
]]>
    </failure>
  </testcase> <!-- runScenario -->
  <testcase classname="runner.TestRunner" name="runScenario" time="0.427"/>
  <testcase classname="runner.TestRunner" name="runScenario" time="0.351"/>
  <testcase classname="runner.TestRunner" name="runScenario" time="0.169"/>
  <testcase classname="runner.TestRunner" name="runScenario" time="0.414"/>
  <testcase classname="runner.TestRunner" name="runScenario" time="0.306"/>
  <testcase classname="runner.TestRunner" name="runScenario" time="0.504"/>
  <testcase classname="runner.TestRunner" name="runScenario" time="0.283"/>
  <testcase classname="runner.TestRunner" name="runScenario" time="0.279"/>
  <testcase classname="runner.TestRunner" name="runScenario" time="0.529"/>
  <testcase classname="runner.TestRunner" name="runScenario" time="0.395"/>
  <testcase classname="runner.TestRunner" name="runScenario" time="0.424"/>
  <testcase classname="runner.TestRunner" name="runScenario" time="0.259"/>
  <testcase classname="runner.TestRunner" name="runScenario" time="0.354"/>
  <testcase classname="runner.TestRunner" name="runScenario" time="0.390"/>
  <testcase classname="runner.TestRunner" name="runScenario" time="0.356"/>
  <testcase classname="runner.TestRunner" name="runScenario" time="0.415"/>
  <testcase classname="runner.TestRunner" name="runScenario" time="0.311"/>
  <testcase classname="runner.TestRunner" name="runScenario" time="0.388"/>
  <testcase classname="runner.TestRunner" name="runScenario" time="0.450"/>
  <testcase classname="runner.TestRunner" name="runScenario" time="0.409"/>
  <testcase classname="runner.TestRunner" name="runScenario" time="0.429"/>
  <testcase classname="runner.TestRunner" name="runScenario" time="0.210"/>
  <testcase classname="runner.TestRunner" name="runScenario" time="0.503"/>
  <testcase classname="runner.TestRunner" name="runScenario" time="0.435"/>
  <testcase classname="runner.TestRunner" name="runScenario" time="0.551"/>
  <testcase classname="runner.TestRunner" name="runScenario" time="0.378"/>
  <testcase classname="runner.TestRunner" name="runScenario" time="0.403"/>
  <testcase classname="runner.TestRunner" name="runScenario" time="0.367"/>
  <testcase classname="runner.TestRunner" name="runScenario" time="0.977"/>
  <testcase classname="runner.TestRunner" name="runScenario" time="0.366"/>
  <testcase classname="runner.TestRunner" name="runScenario" time="0.474"/>
  <testcase classname="runner.TestRunner" name="runScenario" time="0.381"/>
  <testcase classname="runner.TestRunner" name="runScenario" time="0.320"/>
  <testcase classname="runner.TestRunner" name="runScenario" time="0.373"/>
  <testcase classname="runner.TestRunner" name="runScenario" time="3.299"/>
  <testcase classname="runner.TestRunner" name="runScenario" time="0.442"/>
  <testcase classname="runner.TestRunner" name="runScenario" time="0.208"/>
  <testcase classname="runner.TestRunner" name="runScenario" time="0.111"/>
  <testcase classname="runner.TestRunner" name="runScenario" time="0.186"/>
  <testcase classname="runner.TestRunner" name="runScenario" time="0.239"/>
  <testcase classname="runner.TestRunner" name="runScenario" time="0.392"/>
  <testcase classname="runner.TestRunner" name="runScenario" time="0.210"/>
  <testcase classname="runner.TestRunner" name="runScenario" time="0.225"/>
  <testcase classname="runner.TestRunner" name="runScenario" time="0.362"/>
  <testcase classname="runner.TestRunner" name="runScenario" time="0.285"/>
  <testcase classname="runner.TestRunner" name="runScenario" time="0.233"/>
  <testcase classname="runner.TestRunner" name="runScenario" time="0.447"/>
  <testcase classname="runner.TestRunner" name="runScenario" time="0.229"/>
  <testcase classname="runner.TestRunner" name="runScenario" time="0.317"/>
  <testcase classname="runner.TestRunner" name="runScenario" time="0.259"/>
  <testcase classname="runner.TestRunner" name="runScenario" time="0.413"/>
  <testcase classname="runner.TestRunner" name="runScenario" time="0.386"/>
  <testcase classname="runner.TestRunner" name="runScenario" time="0.293"/>
  <testcase classname="runner.TestRunner" name="runScenario" time="0.330"/>
  <testcase classname="runner.TestRunner" name="runScenario" time="0.461"/>
  <testcase classname="runner.TestRunner" name="runScenario" time="0.332"/>
  <testcase classname="runner.TestRunner" name="runScenario" time="0.411"/>
  <testcase classname="runner.TestRunner" name="runScenario" time="0.423"/>
  <testcase classname="runner.TestRunner" name="runScenario" time="0.268"/>
  <testcase classname="runner.TestRunner" name="runScenario" time="0.429"/>
  <testcase classname="runner.TestRunner" name="runScenario" time="0.406"/>
</testsuite> <!-- runner.TestRunner -->
