<?xml version="1.0" encoding="UTF-8"?>
<!-- Generated by org.testng.reporters.JUnitReportReporter -->
<testsuite hostname="DESKTOP-C4T3QLF" failures="0" tests="13" name="runner.TestRunner" time="12.820" errors="0" timestamp="2023-09-22T13:44:38 EDT" skipped="0">
  <testcase classname="runner.TestRunner" name="runScenario" time="0.227"/>
  <testcase classname="runner.TestRunner" name="runScenario" time="0.205"/>
  <testcase classname="runner.TestRunner" name="runScenario" time="0.249"/>
  <testcase classname="runner.TestRunner" name="runScenario" time="0.209"/>
  <testcase classname="runner.TestRunner" name="runScenario" time="0.278"/>
  <testcase classname="runner.TestRunner" name="runScenario" time="0.463"/>
  <testcase classname="runner.TestRunner" name="runScenario" time="7.467"/>
  <testcase classname="runner.TestRunner" name="runScenario" time="0.447"/>
  <testcase classname="runner.TestRunner" name="runScenario" time="2.187"/>
  <testcase classname="runner.TestRunner" name="runScenario" time="0.501"/>
  <testcase classname="runner.TestRunner" name="runScenario" time="0.289"/>
  <testcase classname="runner.TestRunner" name="runScenario" time="0.208"/>
  <testcase classname="runner.TestRunner" name="runScenario" time="0.090"/>
</testsuite> <!-- runner.TestRunner -->
