<?xml version="1.0" encoding="UTF-8"?>
<!-- Generated by org.testng.reporters.JUnitReportReporter -->
<testsuite hostname="DESKTOP-C4T3QLF" failures="0" tests="6" name="runner.TestRunner" time="9.077" errors="0" timestamp="2023-09-20T14:15:20 EDT" skipped="0">
  <testcase classname="runner.TestRunner" name="runScenario" time="0.342"/>
  <testcase classname="runner.TestRunner" name="runScenario" time="7.905"/>
  <testcase classname="runner.TestRunner" name="runScenario" time="0.204"/>
  <testcase classname="runner.TestRunner" name="runScenario" time="0.151"/>
  <testcase classname="runner.TestRunner" name="runScenario" time="0.357"/>
  <testcase classname="runner.TestRunner" name="runScenario" time="0.118"/>
</testsuite> <!-- runner.TestRunner -->
