<?xml version="1.0" encoding="UTF-8"?>
<!-- Generated by org.testng.reporters.JUnitReportReporter -->
<testsuite hostname="DESKTOP-C4T3QLF" failures="0" tests="15" name="runner.TestRunner" time="11.949" errors="0" timestamp="2023-09-25T17:28:09 EDT" skipped="0">
  <testcase classname="runner.TestRunner" name="runScenario" time="0.298"/>
  <testcase classname="runner.TestRunner" name="runScenario" time="0.600"/>
  <testcase classname="runner.TestRunner" name="runScenario" time="0.273"/>
  <testcase classname="runner.TestRunner" name="runScenario" time="0.206"/>
  <testcase classname="runner.TestRunner" name="runScenario" time="0.098"/>
  <testcase classname="runner.TestRunner" name="runScenario" time="0.293"/>
  <testcase classname="runner.TestRunner" name="runScenario" time="0.209"/>
  <testcase classname="runner.TestRunner" name="runScenario" time="7.520"/>
  <testcase classname="runner.TestRunner" name="runScenario" time="0.219"/>
  <testcase classname="runner.TestRunner" name="runScenario" time="0.288"/>
  <testcase classname="runner.TestRunner" name="runScenario" time="0.399"/>
  <testcase classname="runner.TestRunner" name="runScenario" time="0.349"/>
  <testcase classname="runner.TestRunner" name="runScenario" time="0.709"/>
  <testcase classname="runner.TestRunner" name="runScenario" time="0.288"/>
  <testcase classname="runner.TestRunner" name="runScenario" time="0.200"/>
</testsuite> <!-- runner.TestRunner -->
