<?xml version="1.0" encoding="UTF-8"?>
<!-- Generated by org.testng.reporters.JUnitReportReporter -->
<testsuite hostname="DESKTOP-C4T3QLF" failures="0" tests="9" name="runner.TestRunner" time="6.440" errors="0" timestamp="2023-09-25T21:35:31 EDT" skipped="0">
  <testcase classname="runner.TestRunner" name="runScenario" time="0.127"/>
  <testcase classname="runner.TestRunner" name="runScenario" time="0.228"/>
  <testcase classname="runner.TestRunner" name="runScenario" time="0.210"/>
  <testcase classname="runner.TestRunner" name="runScenario" time="0.504"/>
  <testcase classname="runner.TestRunner" name="runScenario" time="0.250"/>
  <testcase classname="runner.TestRunner" name="runScenario" time="0.221"/>
  <testcase classname="runner.TestRunner" name="runScenario" time="0.438"/>
  <testcase classname="runner.TestRunner" name="runScenario" time="0.308"/>
  <testcase classname="runner.TestRunner" name="runScenario" time="4.154"/>
</testsuite> <!-- runner.TestRunner -->
