<?xml version="1.0" encoding="UTF-8"?>
<!-- Generated by org.testng.reporters.JUnitReportReporter -->
<testsuite hostname="DESKTOP-C4T3QLF" failures="0" tests="10" name="runner.TestRunner" time="9.764" errors="0" timestamp="2023-09-24T19:43:13 EDT" skipped="0">
  <testcase classname="runner.TestRunner" name="runScenario" time="0.100"/>
  <testcase classname="runner.TestRunner" name="runScenario" time="0.347"/>
  <testcase classname="runner.TestRunner" name="runScenario" time="0.222"/>
  <testcase classname="runner.TestRunner" name="runScenario" time="0.202"/>
  <testcase classname="runner.TestRunner" name="runScenario" time="0.509"/>
  <testcase classname="runner.TestRunner" name="runScenario" time="7.265"/>
  <testcase classname="runner.TestRunner" name="runScenario" time="0.252"/>
  <testcase classname="runner.TestRunner" name="runScenario" time="0.432"/>
  <testcase classname="runner.TestRunner" name="runScenario" time="0.222"/>
  <testcase classname="runner.TestRunner" name="runScenario" time="0.213"/>
</testsuite> <!-- runner.TestRunner -->
