<?xml version="1.0" encoding="UTF-8"?>
<!-- Generated by org.testng.reporters.JUnitReportReporter -->
<testsuite hostname="DESKTOP-C4T3QLF" failures="0" tests="19" name="runner.TestRunner" time="33.777" errors="0" timestamp="2023-09-23T23:41:45 EDT" skipped="0">
  <testcase classname="runner.TestRunner" name="runScenario" time="0.376"/>
  <testcase classname="runner.TestRunner" name="runScenario" time="0.216"/>
  <testcase classname="runner.TestRunner" name="runScenario" time="0.107"/>
  <testcase classname="runner.TestRunner" name="runScenario" time="0.507"/>
  <testcase classname="runner.TestRunner" name="runScenario" time="0.416"/>
  <testcase classname="runner.TestRunner" name="runScenario" time="7.712"/>
  <testcase classname="runner.TestRunner" name="runScenario" time="0.296"/>
  <testcase classname="runner.TestRunner" name="runScenario" time="0.431"/>
  <testcase classname="runner.TestRunner" name="runScenario" time="0.217"/>
  <testcase classname="runner.TestRunner" name="runScenario" time="7.231"/>
  <testcase classname="runner.TestRunner" name="runScenario" time="0.225"/>
  <testcase classname="runner.TestRunner" name="runScenario" time="0.273"/>
  <testcase classname="runner.TestRunner" name="runScenario" time="0.305"/>
  <testcase classname="runner.TestRunner" name="runScenario" time="7.211"/>
  <testcase classname="runner.TestRunner" name="runScenario" time="0.216"/>
  <testcase classname="runner.TestRunner" name="runScenario" time="0.249"/>
  <testcase classname="runner.TestRunner" name="runScenario" time="0.191"/>
  <testcase classname="runner.TestRunner" name="runScenario" time="0.392"/>
  <testcase classname="runner.TestRunner" name="runScenario" time="7.206"/>
</testsuite> <!-- runner.TestRunner -->
