<?xml version="1.0" encoding="UTF-8"?>
<!-- Generated by org.testng.reporters.JUnitReportReporter -->
<testsuite hostname="DESKTOP-C4T3QLF" failures="0" tests="3" name="pageObjeccts.BaseClass" time="10.453" errors="0" timestamp="2023-09-29T09:55:38 EDT" skipped="0">
  <testcase classname="pageObjeccts.BaseClass" name="testParameterWithXML" time="0.228"/>
  <testcase classname="pageObjeccts.BaseClass" name="testParameterWithXML" time="5.288"/>
  <testcase classname="pageObjeccts.BaseClass" name="testParameterWithXML" time="4.937"/>
</testsuite> <!-- pageObjeccts.BaseClass -->
