<?xml version="1.0" encoding="UTF-8"?>
<!-- Generated by org.testng.reporters.JUnitReportReporter -->
<testsuite hostname="DESKTOP-C4T3QLF" failures="0" tests="9" name="runner.TestRunner" time="5.394" errors="0" timestamp="2023-09-24T21:13:06 EDT" skipped="0">
  <testcase classname="runner.TestRunner" name="runScenario" time="3.269"/>
  <testcase classname="runner.TestRunner" name="runScenario" time="0.421"/>
  <testcase classname="runner.TestRunner" name="runScenario" time="0.202"/>
  <testcase classname="runner.TestRunner" name="runScenario" time="0.516"/>
  <testcase classname="runner.TestRunner" name="runScenario" time="0.213"/>
  <testcase classname="runner.TestRunner" name="runScenario" time="0.090"/>
  <testcase classname="runner.TestRunner" name="runScenario" time="0.200"/>
  <testcase classname="runner.TestRunner" name="runScenario" time="0.200"/>
  <testcase classname="runner.TestRunner" name="runScenario" time="0.283"/>
</testsuite> <!-- runner.TestRunner -->
