<?xml version="1.0" encoding="UTF-8"?>
<!-- Generated by org.testng.reporters.JUnitReportReporter -->
<testsuite hostname="DESKTOP-C4T3QLF" failures="0" tests="3" name="pageObjeccts.DataDrivenTesting" time="5.002" errors="0" timestamp="2023-09-29T16:19:42 EDT" skipped="0">
  <testcase classname="pageObjeccts.DataDrivenTesting" name="demoClass" time="4.704"/>
  <testcase classname="pageObjeccts.DataDrivenTesting" name="demoClass" time="0.160"/>
  <testcase classname="pageObjeccts.DataDrivenTesting" name="demoClass" time="0.138"/>
</testsuite> <!-- pageObjeccts.DataDrivenTesting -->
