<?xml version="1.0" encoding="UTF-8"?>
<!-- Generated by org.testng.reporters.JUnitReportReporter -->
<testsuite hostname="DESKTOP-C4T3QLF" failures="0" tests="17" name="runner.TestRunner" time="26.401" errors="0" timestamp="2023-09-24T20:16:11 EDT" skipped="0">
  <testcase classname="runner.TestRunner" name="runScenario" time="0.093"/>
  <testcase classname="runner.TestRunner" name="runScenario" time="0.407"/>
  <testcase classname="runner.TestRunner" name="runScenario" time="0.219"/>
  <testcase classname="runner.TestRunner" name="runScenario" time="7.163"/>
  <testcase classname="runner.TestRunner" name="runScenario" time="0.192"/>
  <testcase classname="runner.TestRunner" name="runScenario" time="0.238"/>
  <testcase classname="runner.TestRunner" name="runScenario" time="0.276"/>
  <testcase classname="runner.TestRunner" name="runScenario" time="0.547"/>
  <testcase classname="runner.TestRunner" name="runScenario" time="0.574"/>
  <testcase classname="runner.TestRunner" name="runScenario" time="7.250"/>
  <testcase classname="runner.TestRunner" name="runScenario" time="0.396"/>
  <testcase classname="runner.TestRunner" name="runScenario" time="0.398"/>
  <testcase classname="runner.TestRunner" name="runScenario" time="0.369"/>
  <testcase classname="runner.TestRunner" name="runScenario" time="0.503"/>
  <testcase classname="runner.TestRunner" name="runScenario" time="7.304"/>
  <testcase classname="runner.TestRunner" name="runScenario" time="0.253"/>
  <testcase classname="runner.TestRunner" name="runScenario" time="0.219"/>
</testsuite> <!-- runner.TestRunner -->
