<?xml version="1.0" encoding="UTF-8"?>
<!-- Generated by org.testng.reporters.JUnitReportReporter -->
<testsuite hostname="DESKTOP-C4T3QLF" failures="0" tests="7" name="runner.TestRunner" time="9.345" errors="0" timestamp="2023-09-20T15:13:05 EDT" skipped="0">
  <testcase classname="runner.TestRunner" name="runScenario" time="0.302"/>
  <testcase classname="runner.TestRunner" name="runScenario" time="0.164"/>
  <testcase classname="runner.TestRunner" name="runScenario" time="7.525"/>
  <testcase classname="runner.TestRunner" name="runScenario" time="0.344"/>
  <testcase classname="runner.TestRunner" name="runScenario" time="0.217"/>
  <testcase classname="runner.TestRunner" name="runScenario" time="0.129"/>
  <testcase classname="runner.TestRunner" name="runScenario" time="0.664"/>
</testsuite> <!-- runner.TestRunner -->
