<?xml version="1.0" encoding="UTF-8"?>
<!-- Generated by org.testng.reporters.JUnitReportReporter -->
<testsuite hostname="DESKTOP-C4T3QLF" failures="0" tests="2" name="runner.TestRunner" time="7.430" errors="0" timestamp="2023-09-19T19:00:55 EDT" skipped="0">
  <testcase classname="runner.TestRunner" name="runScenario" time="7.167"/>
  <testcase classname="runner.TestRunner" name="runScenario" time="0.263"/>
</testsuite> <!-- runner.TestRunner -->
