<?xml version="1.0" encoding="UTF-8"?>
<!-- Generated by org.testng.reporters.JUnitReportReporter -->
<testsuite hostname="DESKTOP-C4T3QLF" failures="0" tests="10" name="runner.TestRunner" time="10.142" errors="0" timestamp="2023-09-21T18:56:58 EDT" skipped="0">
  <testcase classname="runner.TestRunner" name="runScenario" time="0.198"/>
  <testcase classname="runner.TestRunner" name="runScenario" time="0.226"/>
  <testcase classname="runner.TestRunner" name="runScenario" time="0.321"/>
  <testcase classname="runner.TestRunner" name="runScenario" time="0.190"/>
  <testcase classname="runner.TestRunner" name="runScenario" time="0.497"/>
  <testcase classname="runner.TestRunner" name="runScenario" time="0.185"/>
  <testcase classname="runner.TestRunner" name="runScenario" time="0.077"/>
  <testcase classname="runner.TestRunner" name="runScenario" time="7.545"/>
  <testcase classname="runner.TestRunner" name="runScenario" time="0.402"/>
  <testcase classname="runner.TestRunner" name="runScenario" time="0.501"/>
</testsuite> <!-- runner.TestRunner -->
