<?xml version="1.0" encoding="UTF-8"?>
<!-- Generated by org.testng.reporters.JUnitReportReporter -->
<testsuite hostname="DESKTOP-C4T3QLF" failures="0" tests="14" name="runner.TestRunner" time="12.734" errors="0" timestamp="2023-09-25T17:11:28 EDT" skipped="0">
  <testcase classname="runner.TestRunner" name="runScenario" time="0.712"/>
  <testcase classname="runner.TestRunner" name="runScenario" time="7.893"/>
  <testcase classname="runner.TestRunner" name="runScenario" time="0.350"/>
  <testcase classname="runner.TestRunner" name="runScenario" time="0.275"/>
  <testcase classname="runner.TestRunner" name="runScenario" time="0.354"/>
  <testcase classname="runner.TestRunner" name="runScenario" time="0.260"/>
  <testcase classname="runner.TestRunner" name="runScenario" time="0.200"/>
  <testcase classname="runner.TestRunner" name="runScenario" time="0.711"/>
  <testcase classname="runner.TestRunner" name="runScenario" time="0.316"/>
  <testcase classname="runner.TestRunner" name="runScenario" time="0.093"/>
  <testcase classname="runner.TestRunner" name="runScenario" time="0.451"/>
  <testcase classname="runner.TestRunner" name="runScenario" time="0.324"/>
  <testcase classname="runner.TestRunner" name="runScenario" time="0.553"/>
  <testcase classname="runner.TestRunner" name="runScenario" time="0.242"/>
</testsuite> <!-- runner.TestRunner -->
