<?xml version="1.0" encoding="UTF-8"?>
<!-- Generated by org.testng.reporters.JUnitReportReporter -->
<testsuite hostname="DESKTOP-C4T3QLF" failures="0" tests="11" name="runner.TestRunner" time="10.360" errors="0" timestamp="2023-09-25T16:56:34 EDT" skipped="0">
  <testcase classname="runner.TestRunner" name="runScenario" time="0.105"/>
  <testcase classname="runner.TestRunner" name="runScenario" time="0.293"/>
  <testcase classname="runner.TestRunner" name="runScenario" time="0.500"/>
  <testcase classname="runner.TestRunner" name="runScenario" time="0.470"/>
  <testcase classname="runner.TestRunner" name="runScenario" time="0.257"/>
  <testcase classname="runner.TestRunner" name="runScenario" time="0.196"/>
  <testcase classname="runner.TestRunner" name="runScenario" time="0.212"/>
  <testcase classname="runner.TestRunner" name="runScenario" time="0.297"/>
  <testcase classname="runner.TestRunner" name="runScenario" time="0.192"/>
  <testcase classname="runner.TestRunner" name="runScenario" time="7.561"/>
  <testcase classname="runner.TestRunner" name="runScenario" time="0.277"/>
</testsuite> <!-- runner.TestRunner -->
